Compilation failed:
    source file: '/Users/mac/Documents/GitHub/MacLearn/Source/opencv-3.4.6/cmake/checks/cxx11.cpp'
    check option: ''
===== BUILD LOG =====
Change Dir: /Users/mac/Documents/GitHub/MacLearn/Source/opencv-3.4.6/BuildXcode/CMakeFiles/CMakeTmp

Run Build Command(s):/usr/bin/xcodebuild -project CMAKE_TRY_COMPILE.xcodeproj build -target cmTC_ec320 -configuration Debug -hideShellScriptEnvironment 
User defaults from command line:
    HideShellScriptEnvironment = YES

Prepare build
note: Using legacy build system

=== BUILD TARGET cmTC_ec320 OF PROJECT CMAKE_TRY_COMPILE WITH CONFIGURATION Debug ===

Check dependencies

Write auxiliary files
/bin/mkdir -p /Users/mac/Documents/GitHub/MacLearn/Source/opencv-3.4.6/BuildXcode/CMakeFiles/CMakeTmp/CMAKE_TRY_COMPILE.build/Debug/cmTC_ec320.build/Objects-normal/x86_64
write-file /Users/mac/Documents/GitHub/MacLearn/Source/opencv-3.4.6/BuildXcode/CMakeFiles/CMakeTmp/CMAKE_TRY_COMPILE.build/Debug/cmTC_ec320.build/Objects-normal/x86_64/cmTC_ec320.LinkFileList

CompileC CMAKE_TRY_COMPILE.build/Debug/cmTC_ec320.build/Objects-normal/x86_64/cxx11.o /Users/mac/Documents/GitHub/MacLearn/Source/opencv-3.4.6/cmake/checks/cxx11.cpp normal x86_64 c++ com.apple.compilers.llvm.clang.1_0.compiler
    cd /Users/mac/Documents/GitHub/MacLearn/Source/opencv-3.4.6/BuildXcode/CMakeFiles/CMakeTmp
    /Applications/Xcode.app/Contents/Developer/Toolchains/XcodeDefault.xctoolchain/usr/bin/clang -x c++ -arch x86_64 -fmessage-length=0 -fdiagnostics-show-note-include-stack -fmacro-backtrace-limit=0 -Wno-trigraphs -fpascal-strings -O0 -Wno-missing-field-initializers -Wno-missing-prototypes -Wno-return-type -Wno-non-virtual-dtor -Wno-overloaded-virtual -Wno-exit-time-destructors -Wno-missing-braces -Wparentheses -Wswitch -Wno-unused-function -Wno-unused-label -Wno-unused-parameter -Wno-unused-variable -Wunused-value -Wno-empty-body -Wno-uninitialized -Wno-unknown-pragmas -Wno-shadow -Wno-four-char-constants -Wno-conversion -Wno-constant-conversion -Wno-int-conversion -Wno-bool-conversion -Wno-enum-conversion -Wno-float-conversion -Wno-non-literal-null-conversion -Wno-objc-literal-conversion -Wno-shorten-64-to-32 -Wno-newline-eof -Wno-c++11-extensions -DCMAKE_INTDIR=\"Debug\" -isysroot /Applications/Xcode.app/Contents/Developer/Platforms/MacOSX.platform/Developer/SDKs/MacOSX10.14.sdk -fasm-blocks -fstrict-aliasing -Wdeprecated-declarations -Winvalid-offsetof -mmacosx-version-min=10.14 -g -Wno-sign-conversion -Wno-infinite-recursion -Wno-move -Wno-comma -Wno-block-capture-autoreleasing -Wno-strict-prototypes -Wno-range-loop-analysis -Wno-semicolon-before-method-body -I/Users/mac/Documents/GitHub/MacLearn/Source/opencv-3.4.6/BuildXcode/CMakeFiles/CMakeTmp/Debug/include -I/Users/mac/Documents/GitHub/MacLearn/Source/opencv-3.4.6/BuildXcode/CMakeFiles/CMakeTmp/CMAKE_TRY_COMPILE.build/Debug/cmTC_ec320.build/DerivedSources-normal/x86_64 -I/Users/mac/Documents/GitHub/MacLearn/Source/opencv-3.4.6/BuildXcode/CMakeFiles/CMakeTmp/CMAKE_TRY_COMPILE.build/Debug/cmTC_ec320.build/DerivedSources/x86_64 -I/Users/mac/Documents/GitHub/MacLearn/Source/opencv-3.4.6/BuildXcode/CMakeFiles/CMakeTmp/CMAKE_TRY_COMPILE.build/Debug/cmTC_ec320.build/DerivedSources -Wmost -Wno-four-char-constants -Wno-unknown-pragmas -F/Users/mac/Documents/GitHub/MacLearn/Source/opencv-3.4.6/BuildXcode/CMakeFiles/CMakeTmp/Debug -fPIE -MMD -MT dependencies -MF /Users/mac/Documents/GitHub/MacLearn/Source/opencv-3.4.6/BuildXcode/CMakeFiles/CMakeTmp/CMAKE_TRY_COMPILE.build/Debug/cmTC_ec320.build/Objects-normal/x86_64/cxx11.d --serialize-diagnostics /Users/mac/Documents/GitHub/MacLearn/Source/opencv-3.4.6/BuildXcode/CMakeFiles/CMakeTmp/CMAKE_TRY_COMPILE.build/Debug/cmTC_ec320.build/Objects-normal/x86_64/cxx11.dia -c /Users/mac/Documents/GitHub/MacLearn/Source/opencv-3.4.6/cmake/checks/cxx11.cpp -o /Users/mac/Documents/GitHub/MacLearn/Source/opencv-3.4.6/BuildXcode/CMakeFiles/CMakeTmp/CMAKE_TRY_COMPILE.build/Debug/cmTC_ec320.build/Objects-normal/x86_64/cxx11.o
/Users/mac/Documents/GitHub/MacLearn/Source/opencv-3.4.6/cmake/checks/cxx11.cpp:4:2: error: "C++11 is not supported"
#error "C++11 is not supported"
 ^
1 error generated.

** BUILD FAILED **


The following build commands failed:
	CompileC CMAKE_TRY_COMPILE.build/Debug/cmTC_ec320.build/Objects-normal/x86_64/cxx11.o /Users/mac/Documents/GitHub/MacLearn/Source/opencv-3.4.6/cmake/checks/cxx11.cpp normal x86_64 c++ com.apple.compilers.llvm.clang.1_0.compiler
(1 failure)

===== END =====

Compilation failed:
    source file: '/Users/mac/Documents/GitHub/MacLearn/Source/opencv-3.4.6/cmake/checks/cpu_popcnt.cpp'
    check option: ''
===== BUILD LOG =====
Change Dir: /Users/mac/Documents/GitHub/MacLearn/Source/opencv-3.4.6/BuildXcode/CMakeFiles/CMakeTmp

Run Build Command(s):/usr/bin/xcodebuild -project CMAKE_TRY_COMPILE.xcodeproj build -target cmTC_82c2b -configuration Debug -hideShellScriptEnvironment 
User defaults from command line:
    HideShellScriptEnvironment = YES

Prepare build
note: Using legacy build system

=== BUILD TARGET cmTC_82c2b OF PROJECT CMAKE_TRY_COMPILE WITH CONFIGURATION Debug ===

Check dependencies

Write auxiliary files
/bin/mkdir -p /Users/mac/Documents/GitHub/MacLearn/Source/opencv-3.4.6/BuildXcode/CMakeFiles/CMakeTmp/CMAKE_TRY_COMPILE.build/Debug/cmTC_82c2b.build/Objects-normal/x86_64
write-file /Users/mac/Documents/GitHub/MacLearn/Source/opencv-3.4.6/BuildXcode/CMakeFiles/CMakeTmp/CMAKE_TRY_COMPILE.build/Debug/cmTC_82c2b.build/Objects-normal/x86_64/cmTC_82c2b.LinkFileList

CompileC CMAKE_TRY_COMPILE.build/Debug/cmTC_82c2b.build/Objects-normal/x86_64/cpu_popcnt.o /Users/mac/Documents/GitHub/MacLearn/Source/opencv-3.4.6/cmake/checks/cpu_popcnt.cpp normal x86_64 c++ com.apple.compilers.llvm.clang.1_0.compiler
    cd /Users/mac/Documents/GitHub/MacLearn/Source/opencv-3.4.6/BuildXcode/CMakeFiles/CMakeTmp
    /Applications/Xcode.app/Contents/Developer/Toolchains/XcodeDefault.xctoolchain/usr/bin/clang -x c++ -arch x86_64 -fmessage-length=0 -fdiagnostics-show-note-include-stack -fmacro-backtrace-limit=0 -Wno-trigraphs -fpascal-strings -O0 -Wno-missing-field-initializers -Wno-missing-prototypes -Wno-return-type -Wno-non-virtual-dtor -Wno-overloaded-virtual -Wno-exit-time-destructors -Wno-missing-braces -Wparentheses -Wswitch -Wno-unused-function -Wno-unused-label -Wno-unused-parameter -Wno-unused-variable -Wunused-value -Wno-empty-body -Wno-uninitialized -Wno-unknown-pragmas -Wno-shadow -Wno-four-char-constants -Wno-conversion -Wno-constant-conversion -Wno-int-conversion -Wno-bool-conversion -Wno-enum-conversion -Wno-float-conversion -Wno-non-literal-null-conversion -Wno-objc-literal-conversion -Wno-shorten-64-to-32 -Wno-newline-eof -Wno-c++11-extensions -DCMAKE_INTDIR=\"Debug\" -isysroot /Applications/Xcode.app/Contents/Developer/Platforms/MacOSX.platform/Developer/SDKs/MacOSX10.14.sdk -fasm-blocks -fstrict-aliasing -Wdeprecated-declarations -Winvalid-offsetof -mmacosx-version-min=10.14 -g -Wno-sign-conversion -Wno-infinite-recursion -Wno-move -Wno-comma -Wno-block-capture-autoreleasing -Wno-strict-prototypes -Wno-range-loop-analysis -Wno-semicolon-before-method-body -I/Users/mac/Documents/GitHub/MacLearn/Source/opencv-3.4.6/BuildXcode/CMakeFiles/CMakeTmp/Debug/include -I/Users/mac/Documents/GitHub/MacLearn/Source/opencv-3.4.6/BuildXcode/CMakeFiles/CMakeTmp/CMAKE_TRY_COMPILE.build/Debug/cmTC_82c2b.build/DerivedSources-normal/x86_64 -I/Users/mac/Documents/GitHub/MacLearn/Source/opencv-3.4.6/BuildXcode/CMakeFiles/CMakeTmp/CMAKE_TRY_COMPILE.build/Debug/cmTC_82c2b.build/DerivedSources/x86_64 -I/Users/mac/Documents/GitHub/MacLearn/Source/opencv-3.4.6/BuildXcode/CMakeFiles/CMakeTmp/CMAKE_TRY_COMPILE.build/Debug/cmTC_82c2b.build/DerivedSources -Wmost -Wno-four-char-constants -Wno-unknown-pragmas -F/Users/mac/Documents/GitHub/MacLearn/Source/opencv-3.4.6/BuildXcode/CMakeFiles/CMakeTmp/Debug -fPIE -MMD -MT dependencies -MF /Users/mac/Documents/GitHub/MacLearn/Source/opencv-3.4.6/BuildXcode/CMakeFiles/CMakeTmp/CMAKE_TRY_COMPILE.build/Debug/cmTC_82c2b.build/Objects-normal/x86_64/cpu_popcnt.d --serialize-diagnostics /Users/mac/Documents/GitHub/MacLearn/Source/opencv-3.4.6/BuildXcode/CMakeFiles/CMakeTmp/CMAKE_TRY_COMPILE.build/Debug/cmTC_82c2b.build/Objects-normal/x86_64/cpu_popcnt.dia -c /Users/mac/Documents/GitHub/MacLearn/Source/opencv-3.4.6/cmake/checks/cpu_popcnt.cpp -o /Users/mac/Documents/GitHub/MacLearn/Source/opencv-3.4.6/BuildXcode/CMakeFiles/CMakeTmp/CMAKE_TRY_COMPILE.build/Debug/cmTC_82c2b.build/Objects-normal/x86_64/cpu_popcnt.o
/Users/mac/Documents/GitHub/MacLearn/Source/opencv-3.4.6/cmake/checks/cpu_popcnt.cpp:14:4: error: "__POPCNT__ is not defined by compiler"
#  error "__POPCNT__ is not defined by compiler"
   ^
/Users/mac/Documents/GitHub/MacLearn/Source/opencv-3.4.6/cmake/checks/cpu_popcnt.cpp:22:13: error: use of undeclared identifier 'CV_POPCNT_U32'
    int j = CV_POPCNT_U32(1);
            ^
2 errors generated.

** BUILD FAILED **


The following build commands failed:
	CompileC CMAKE_TRY_COMPILE.build/Debug/cmTC_82c2b.build/Objects-normal/x86_64/cpu_popcnt.o /Users/mac/Documents/GitHub/MacLearn/Source/opencv-3.4.6/cmake/checks/cpu_popcnt.cpp normal x86_64 c++ com.apple.compilers.llvm.clang.1_0.compiler
(1 failure)

===== END =====

Compilation failed:
    source file: '/Users/mac/Documents/GitHub/MacLearn/Source/opencv-3.4.6/cmake/checks/cpu_sse42.cpp'
    check option: ''
===== BUILD LOG =====
Change Dir: /Users/mac/Documents/GitHub/MacLearn/Source/opencv-3.4.6/BuildXcode/CMakeFiles/CMakeTmp

Run Build Command(s):/usr/bin/xcodebuild -project CMAKE_TRY_COMPILE.xcodeproj build -target cmTC_6bc30 -configuration Debug -hideShellScriptEnvironment 
User defaults from command line:
    HideShellScriptEnvironment = YES

Prepare build
note: Using legacy build system

=== BUILD TARGET cmTC_6bc30 OF PROJECT CMAKE_TRY_COMPILE WITH CONFIGURATION Debug ===

Check dependencies

Write auxiliary files
/bin/mkdir -p /Users/mac/Documents/GitHub/MacLearn/Source/opencv-3.4.6/BuildXcode/CMakeFiles/CMakeTmp/CMAKE_TRY_COMPILE.build/Debug/cmTC_6bc30.build/Objects-normal/x86_64
write-file /Users/mac/Documents/GitHub/MacLearn/Source/opencv-3.4.6/BuildXcode/CMakeFiles/CMakeTmp/CMAKE_TRY_COMPILE.build/Debug/cmTC_6bc30.build/Objects-normal/x86_64/cmTC_6bc30.LinkFileList

CompileC CMAKE_TRY_COMPILE.build/Debug/cmTC_6bc30.build/Objects-normal/x86_64/cpu_sse42.o /Users/mac/Documents/GitHub/MacLearn/Source/opencv-3.4.6/cmake/checks/cpu_sse42.cpp normal x86_64 c++ com.apple.compilers.llvm.clang.1_0.compiler
    cd /Users/mac/Documents/GitHub/MacLearn/Source/opencv-3.4.6/BuildXcode/CMakeFiles/CMakeTmp
    /Applications/Xcode.app/Contents/Developer/Toolchains/XcodeDefault.xctoolchain/usr/bin/clang -x c++ -arch x86_64 -fmessage-length=0 -fdiagnostics-show-note-include-stack -fmacro-backtrace-limit=0 -Wno-trigraphs -fpascal-strings -O0 -Wno-missing-field-initializers -Wno-missing-prototypes -Wno-return-type -Wno-non-virtual-dtor -Wno-overloaded-virtual -Wno-exit-time-destructors -Wno-missing-braces -Wparentheses -Wswitch -Wno-unused-function -Wno-unused-label -Wno-unused-parameter -Wno-unused-variable -Wunused-value -Wno-empty-body -Wno-uninitialized -Wno-unknown-pragmas -Wno-shadow -Wno-four-char-constants -Wno-conversion -Wno-constant-conversion -Wno-int-conversion -Wno-bool-conversion -Wno-enum-conversion -Wno-float-conversion -Wno-non-literal-null-conversion -Wno-objc-literal-conversion -Wno-shorten-64-to-32 -Wno-newline-eof -Wno-c++11-extensions -DCMAKE_INTDIR=\"Debug\" -isysroot /Applications/Xcode.app/Contents/Developer/Platforms/MacOSX.platform/Developer/SDKs/MacOSX10.14.sdk -fasm-blocks -fstrict-aliasing -Wdeprecated-declarations -Winvalid-offsetof -mmacosx-version-min=10.14 -g -Wno-sign-conversion -Wno-infinite-recursion -Wno-move -Wno-comma -Wno-block-capture-autoreleasing -Wno-strict-prototypes -Wno-range-loop-analysis -Wno-semicolon-before-method-body -I/Users/mac/Documents/GitHub/MacLearn/Source/opencv-3.4.6/BuildXcode/CMakeFiles/CMakeTmp/Debug/include -I/Users/mac/Documents/GitHub/MacLearn/Source/opencv-3.4.6/BuildXcode/CMakeFiles/CMakeTmp/CMAKE_TRY_COMPILE.build/Debug/cmTC_6bc30.build/DerivedSources-normal/x86_64 -I/Users/mac/Documents/GitHub/MacLearn/Source/opencv-3.4.6/BuildXcode/CMakeFiles/CMakeTmp/CMAKE_TRY_COMPILE.build/Debug/cmTC_6bc30.build/DerivedSources/x86_64 -I/Users/mac/Documents/GitHub/MacLearn/Source/opencv-3.4.6/BuildXcode/CMakeFiles/CMakeTmp/CMAKE_TRY_COMPILE.build/Debug/cmTC_6bc30.build/DerivedSources -Wmost -Wno-four-char-constants -Wno-unknown-pragmas -F/Users/mac/Documents/GitHub/MacLearn/Source/opencv-3.4.6/BuildXcode/CMakeFiles/CMakeTmp/Debug -fPIE -MMD -MT dependencies -MF /Users/mac/Documents/GitHub/MacLearn/Source/opencv-3.4.6/BuildXcode/CMakeFiles/CMakeTmp/CMAKE_TRY_COMPILE.build/Debug/cmTC_6bc30.build/Objects-normal/x86_64/cpu_sse42.d --serialize-diagnostics /Users/mac/Documents/GitHub/MacLearn/Source/opencv-3.4.6/BuildXcode/CMakeFiles/CMakeTmp/CMAKE_TRY_COMPILE.build/Debug/cmTC_6bc30.build/Objects-normal/x86_64/cpu_sse42.dia -c /Users/mac/Documents/GitHub/MacLearn/Source/opencv-3.4.6/cmake/checks/cpu_sse42.cpp -o /Users/mac/Documents/GitHub/MacLearn/Source/opencv-3.4.6/BuildXcode/CMakeFiles/CMakeTmp/CMAKE_TRY_COMPILE.build/Debug/cmTC_6bc30.build/Objects-normal/x86_64/cpu_sse42.o
/Users/mac/Documents/GitHub/MacLearn/Source/opencv-3.4.6/cmake/checks/cpu_sse42.cpp:5:18: warning: unused variable 'res' [-Wunused-variable]
    unsigned int res = _mm_crc32_u8(1, 2);
                 ^
/Users/mac/Documents/GitHub/MacLearn/Source/opencv-3.4.6/cmake/checks/cpu_sse42.cpp:5:24: error: always_inline function '_mm_crc32_u8' requires target feature 'sse4.2', but would be inlined into function 'main' that is compiled without support for 'sse4.2'
    unsigned int res = _mm_crc32_u8(1, 2);
                       ^
1 warning and 1 error generated.

** BUILD FAILED **


The following build commands failed:
	CompileC CMAKE_TRY_COMPILE.build/Debug/cmTC_6bc30.build/Objects-normal/x86_64/cpu_sse42.o /Users/mac/Documents/GitHub/MacLearn/Source/opencv-3.4.6/cmake/checks/cpu_sse42.cpp normal x86_64 c++ com.apple.compilers.llvm.clang.1_0.compiler
(1 failure)

===== END =====

Compilation failed:
    source file: '/Users/mac/Documents/GitHub/MacLearn/Source/opencv-3.4.6/cmake/checks/cpu_fp16.cpp'
    check option: ''
===== BUILD LOG =====
Change Dir: /Users/mac/Documents/GitHub/MacLearn/Source/opencv-3.4.6/BuildXcode/CMakeFiles/CMakeTmp

Run Build Command(s):/usr/bin/xcodebuild -project CMAKE_TRY_COMPILE.xcodeproj build -target cmTC_9006f -configuration Debug -hideShellScriptEnvironment 
User defaults from command line:
    HideShellScriptEnvironment = YES

Prepare build
note: Using legacy build system

=== BUILD TARGET cmTC_9006f OF PROJECT CMAKE_TRY_COMPILE WITH CONFIGURATION Debug ===

Check dependencies

Write auxiliary files
/bin/mkdir -p /Users/mac/Documents/GitHub/MacLearn/Source/opencv-3.4.6/BuildXcode/CMakeFiles/CMakeTmp/CMAKE_TRY_COMPILE.build/Debug/cmTC_9006f.build/Objects-normal/x86_64
write-file /Users/mac/Documents/GitHub/MacLearn/Source/opencv-3.4.6/BuildXcode/CMakeFiles/CMakeTmp/CMAKE_TRY_COMPILE.build/Debug/cmTC_9006f.build/Objects-normal/x86_64/cmTC_9006f.LinkFileList

CompileC CMAKE_TRY_COMPILE.build/Debug/cmTC_9006f.build/Objects-normal/x86_64/cpu_fp16.o /Users/mac/Documents/GitHub/MacLearn/Source/opencv-3.4.6/cmake/checks/cpu_fp16.cpp normal x86_64 c++ com.apple.compilers.llvm.clang.1_0.compiler
    cd /Users/mac/Documents/GitHub/MacLearn/Source/opencv-3.4.6/BuildXcode/CMakeFiles/CMakeTmp
    /Applications/Xcode.app/Contents/Developer/Toolchains/XcodeDefault.xctoolchain/usr/bin/clang -x c++ -arch x86_64 -fmessage-length=0 -fdiagnostics-show-note-include-stack -fmacro-backtrace-limit=0 -Wno-trigraphs -fpascal-strings -O0 -Wno-missing-field-initializers -Wno-missing-prototypes -Wno-return-type -Wno-non-virtual-dtor -Wno-overloaded-virtual -Wno-exit-time-destructors -Wno-missing-braces -Wparentheses -Wswitch -Wno-unused-function -Wno-unused-label -Wno-unused-parameter -Wno-unused-variable -Wunused-value -Wno-empty-body -Wno-uninitialized -Wno-unknown-pragmas -Wno-shadow -Wno-four-char-constants -Wno-conversion -Wno-constant-conversion -Wno-int-conversion -Wno-bool-conversion -Wno-enum-conversion -Wno-float-conversion -Wno-non-literal-null-conversion -Wno-objc-literal-conversion -Wno-shorten-64-to-32 -Wno-newline-eof -Wno-c++11-extensions -DCMAKE_INTDIR=\"Debug\" -isysroot /Applications/Xcode.app/Contents/Developer/Platforms/MacOSX.platform/Developer/SDKs/MacOSX10.14.sdk -fasm-blocks -fstrict-aliasing -Wdeprecated-declarations -Winvalid-offsetof -mmacosx-version-min=10.14 -g -Wno-sign-conversion -Wno-infinite-recursion -Wno-move -Wno-comma -Wno-block-capture-autoreleasing -Wno-strict-prototypes -Wno-range-loop-analysis -Wno-semicolon-before-method-body -I/Users/mac/Documents/GitHub/MacLearn/Source/opencv-3.4.6/BuildXcode/CMakeFiles/CMakeTmp/Debug/include -I/Users/mac/Documents/GitHub/MacLearn/Source/opencv-3.4.6/BuildXcode/CMakeFiles/CMakeTmp/CMAKE_TRY_COMPILE.build/Debug/cmTC_9006f.build/DerivedSources-normal/x86_64 -I/Users/mac/Documents/GitHub/MacLearn/Source/opencv-3.4.6/BuildXcode/CMakeFiles/CMakeTmp/CMAKE_TRY_COMPILE.build/Debug/cmTC_9006f.build/DerivedSources/x86_64 -I/Users/mac/Documents/GitHub/MacLearn/Source/opencv-3.4.6/BuildXcode/CMakeFiles/CMakeTmp/CMAKE_TRY_COMPILE.build/Debug/cmTC_9006f.build/DerivedSources -Wmost -Wno-four-char-constants -Wno-unknown-pragmas -F/Users/mac/Documents/GitHub/MacLearn/Source/opencv-3.4.6/BuildXcode/CMakeFiles/CMakeTmp/Debug -fPIE -MMD -MT dependencies -MF /Users/mac/Documents/GitHub/MacLearn/Source/opencv-3.4.6/BuildXcode/CMakeFiles/CMakeTmp/CMAKE_TRY_COMPILE.build/Debug/cmTC_9006f.build/Objects-normal/x86_64/cpu_fp16.d --serialize-diagnostics /Users/mac/Documents/GitHub/MacLearn/Source/opencv-3.4.6/BuildXcode/CMakeFiles/CMakeTmp/CMAKE_TRY_COMPILE.build/Debug/cmTC_9006f.build/Objects-normal/x86_64/cpu_fp16.dia -c /Users/mac/Documents/GitHub/MacLearn/Source/opencv-3.4.6/cmake/checks/cpu_fp16.cpp -o /Users/mac/Documents/GitHub/MacLearn/Source/opencv-3.4.6/BuildXcode/CMakeFiles/CMakeTmp/CMAKE_TRY_COMPILE.build/Debug/cmTC_9006f.build/Objects-normal/x86_64/cpu_fp16.o
/Users/mac/Documents/GitHub/MacLearn/Source/opencv-3.4.6/cmake/checks/cpu_fp16.cpp:26:2: error: "FP16 is not supported"
#error "FP16 is not supported"
 ^
/Users/mac/Documents/GitHub/MacLearn/Source/opencv-3.4.6/cmake/checks/cpu_fp16.cpp:31:18: error: use of undeclared identifier 'test'
  printf("%d\n", test());
                 ^
2 errors generated.

** BUILD FAILED **


The following build commands failed:
	CompileC CMAKE_TRY_COMPILE.build/Debug/cmTC_9006f.build/Objects-normal/x86_64/cpu_fp16.o /Users/mac/Documents/GitHub/MacLearn/Source/opencv-3.4.6/cmake/checks/cpu_fp16.cpp normal x86_64 c++ com.apple.compilers.llvm.clang.1_0.compiler
(1 failure)

===== END =====

Compilation failed:
    source file: '/Users/mac/Documents/GitHub/MacLearn/Source/opencv-3.4.6/cmake/checks/cpu_avx.cpp'
    check option: ''
===== BUILD LOG =====
Change Dir: /Users/mac/Documents/GitHub/MacLearn/Source/opencv-3.4.6/BuildXcode/CMakeFiles/CMakeTmp

Run Build Command(s):/usr/bin/xcodebuild -project CMAKE_TRY_COMPILE.xcodeproj build -target cmTC_83e5d -configuration Debug -hideShellScriptEnvironment 
User defaults from command line:
    HideShellScriptEnvironment = YES

Prepare build
note: Using legacy build system

=== BUILD TARGET cmTC_83e5d OF PROJECT CMAKE_TRY_COMPILE WITH CONFIGURATION Debug ===

Check dependencies

Write auxiliary files
/bin/mkdir -p /Users/mac/Documents/GitHub/MacLearn/Source/opencv-3.4.6/BuildXcode/CMakeFiles/CMakeTmp/CMAKE_TRY_COMPILE.build/Debug/cmTC_83e5d.build/Objects-normal/x86_64
write-file /Users/mac/Documents/GitHub/MacLearn/Source/opencv-3.4.6/BuildXcode/CMakeFiles/CMakeTmp/CMAKE_TRY_COMPILE.build/Debug/cmTC_83e5d.build/Objects-normal/x86_64/cmTC_83e5d.LinkFileList

CompileC CMAKE_TRY_COMPILE.build/Debug/cmTC_83e5d.build/Objects-normal/x86_64/cpu_avx.o /Users/mac/Documents/GitHub/MacLearn/Source/opencv-3.4.6/cmake/checks/cpu_avx.cpp normal x86_64 c++ com.apple.compilers.llvm.clang.1_0.compiler
    cd /Users/mac/Documents/GitHub/MacLearn/Source/opencv-3.4.6/BuildXcode/CMakeFiles/CMakeTmp
    /Applications/Xcode.app/Contents/Developer/Toolchains/XcodeDefault.xctoolchain/usr/bin/clang -x c++ -arch x86_64 -fmessage-length=0 -fdiagnostics-show-note-include-stack -fmacro-backtrace-limit=0 -Wno-trigraphs -fpascal-strings -O0 -Wno-missing-field-initializers -Wno-missing-prototypes -Wno-return-type -Wno-non-virtual-dtor -Wno-overloaded-virtual -Wno-exit-time-destructors -Wno-missing-braces -Wparentheses -Wswitch -Wno-unused-function -Wno-unused-label -Wno-unused-parameter -Wno-unused-variable -Wunused-value -Wno-empty-body -Wno-uninitialized -Wno-unknown-pragmas -Wno-shadow -Wno-four-char-constants -Wno-conversion -Wno-constant-conversion -Wno-int-conversion -Wno-bool-conversion -Wno-enum-conversion -Wno-float-conversion -Wno-non-literal-null-conversion -Wno-objc-literal-conversion -Wno-shorten-64-to-32 -Wno-newline-eof -Wno-c++11-extensions -DCMAKE_INTDIR=\"Debug\" -isysroot /Applications/Xcode.app/Contents/Developer/Platforms/MacOSX.platform/Developer/SDKs/MacOSX10.14.sdk -fasm-blocks -fstrict-aliasing -Wdeprecated-declarations -Winvalid-offsetof -mmacosx-version-min=10.14 -g -Wno-sign-conversion -Wno-infinite-recursion -Wno-move -Wno-comma -Wno-block-capture-autoreleasing -Wno-strict-prototypes -Wno-range-loop-analysis -Wno-semicolon-before-method-body -I/Users/mac/Documents/GitHub/MacLearn/Source/opencv-3.4.6/BuildXcode/CMakeFiles/CMakeTmp/Debug/include -I/Users/mac/Documents/GitHub/MacLearn/Source/opencv-3.4.6/BuildXcode/CMakeFiles/CMakeTmp/CMAKE_TRY_COMPILE.build/Debug/cmTC_83e5d.build/DerivedSources-normal/x86_64 -I/Users/mac/Documents/GitHub/MacLearn/Source/opencv-3.4.6/BuildXcode/CMakeFiles/CMakeTmp/CMAKE_TRY_COMPILE.build/Debug/cmTC_83e5d.build/DerivedSources/x86_64 -I/Users/mac/Documents/GitHub/MacLearn/Source/opencv-3.4.6/BuildXcode/CMakeFiles/CMakeTmp/CMAKE_TRY_COMPILE.build/Debug/cmTC_83e5d.build/DerivedSources -Wmost -Wno-four-char-constants -Wno-unknown-pragmas -F/Users/mac/Documents/GitHub/MacLearn/Source/opencv-3.4.6/BuildXcode/CMakeFiles/CMakeTmp/Debug -fPIE -MMD -MT dependencies -MF /Users/mac/Documents/GitHub/MacLearn/Source/opencv-3.4.6/BuildXcode/CMakeFiles/CMakeTmp/CMAKE_TRY_COMPILE.build/Debug/cmTC_83e5d.build/Objects-normal/x86_64/cpu_avx.d --serialize-diagnostics /Users/mac/Documents/GitHub/MacLearn/Source/opencv-3.4.6/BuildXcode/CMakeFiles/CMakeTmp/CMAKE_TRY_COMPILE.build/Debug/cmTC_83e5d.build/Objects-normal/x86_64/cpu_avx.dia -c /Users/mac/Documents/GitHub/MacLearn/Source/opencv-3.4.6/cmake/checks/cpu_avx.cpp -o /Users/mac/Documents/GitHub/MacLearn/Source/opencv-3.4.6/BuildXcode/CMakeFiles/CMakeTmp/CMAKE_TRY_COMPILE.build/Debug/cmTC_83e5d.build/Objects-normal/x86_64/cpu_avx.o
/Users/mac/Documents/GitHub/MacLearn/Source/opencv-3.4.6/cmake/checks/cpu_avx.cpp:2:2: error: "__AVX__ define is missing"
#error "__AVX__ define is missing"
 ^
/Users/mac/Documents/GitHub/MacLearn/Source/opencv-3.4.6/cmake/checks/cpu_avx.cpp:7:12: warning: unused variable 'a' [-Wunused-variable]
    __m256 a = _mm256_set1_ps(0.0f);
           ^
1 warning and 1 error generated.

** BUILD FAILED **


The following build commands failed:
	CompileC CMAKE_TRY_COMPILE.build/Debug/cmTC_83e5d.build/Objects-normal/x86_64/cpu_avx.o /Users/mac/Documents/GitHub/MacLearn/Source/opencv-3.4.6/cmake/checks/cpu_avx.cpp normal x86_64 c++ com.apple.compilers.llvm.clang.1_0.compiler
(1 failure)

===== END =====

Compilation failed:
    source file: '/Users/mac/Documents/GitHub/MacLearn/Source/opencv-3.4.6/cmake/checks/cpu_avx2.cpp'
    check option: ''
===== BUILD LOG =====
Change Dir: /Users/mac/Documents/GitHub/MacLearn/Source/opencv-3.4.6/BuildXcode/CMakeFiles/CMakeTmp

Run Build Command(s):/usr/bin/xcodebuild -project CMAKE_TRY_COMPILE.xcodeproj build -target cmTC_d15ca -configuration Debug -hideShellScriptEnvironment 
User defaults from command line:
    HideShellScriptEnvironment = YES

Prepare build
note: Using legacy build system

=== BUILD TARGET cmTC_d15ca OF PROJECT CMAKE_TRY_COMPILE WITH CONFIGURATION Debug ===

Check dependencies

Write auxiliary files
/bin/mkdir -p /Users/mac/Documents/GitHub/MacLearn/Source/opencv-3.4.6/BuildXcode/CMakeFiles/CMakeTmp/CMAKE_TRY_COMPILE.build/Debug/cmTC_d15ca.build/Objects-normal/x86_64
write-file /Users/mac/Documents/GitHub/MacLearn/Source/opencv-3.4.6/BuildXcode/CMakeFiles/CMakeTmp/CMAKE_TRY_COMPILE.build/Debug/cmTC_d15ca.build/Objects-normal/x86_64/cmTC_d15ca.LinkFileList

CompileC CMAKE_TRY_COMPILE.build/Debug/cmTC_d15ca.build/Objects-normal/x86_64/cpu_avx2.o /Users/mac/Documents/GitHub/MacLearn/Source/opencv-3.4.6/cmake/checks/cpu_avx2.cpp normal x86_64 c++ com.apple.compilers.llvm.clang.1_0.compiler
    cd /Users/mac/Documents/GitHub/MacLearn/Source/opencv-3.4.6/BuildXcode/CMakeFiles/CMakeTmp
    /Applications/Xcode.app/Contents/Developer/Toolchains/XcodeDefault.xctoolchain/usr/bin/clang -x c++ -arch x86_64 -fmessage-length=0 -fdiagnostics-show-note-include-stack -fmacro-backtrace-limit=0 -Wno-trigraphs -fpascal-strings -O0 -Wno-missing-field-initializers -Wno-missing-prototypes -Wno-return-type -Wno-non-virtual-dtor -Wno-overloaded-virtual -Wno-exit-time-destructors -Wno-missing-braces -Wparentheses -Wswitch -Wno-unused-function -Wno-unused-label -Wno-unused-parameter -Wno-unused-variable -Wunused-value -Wno-empty-body -Wno-uninitialized -Wno-unknown-pragmas -Wno-shadow -Wno-four-char-constants -Wno-conversion -Wno-constant-conversion -Wno-int-conversion -Wno-bool-conversion -Wno-enum-conversion -Wno-float-conversion -Wno-non-literal-null-conversion -Wno-objc-literal-conversion -Wno-shorten-64-to-32 -Wno-newline-eof -Wno-c++11-extensions -DCMAKE_INTDIR=\"Debug\" -isysroot /Applications/Xcode.app/Contents/Developer/Platforms/MacOSX.platform/Developer/SDKs/MacOSX10.14.sdk -fasm-blocks -fstrict-aliasing -Wdeprecated-declarations -Winvalid-offsetof -mmacosx-version-min=10.14 -g -Wno-sign-conversion -Wno-infinite-recursion -Wno-move -Wno-comma -Wno-block-capture-autoreleasing -Wno-strict-prototypes -Wno-range-loop-analysis -Wno-semicolon-before-method-body -I/Users/mac/Documents/GitHub/MacLearn/Source/opencv-3.4.6/BuildXcode/CMakeFiles/CMakeTmp/Debug/include -I/Users/mac/Documents/GitHub/MacLearn/Source/opencv-3.4.6/BuildXcode/CMakeFiles/CMakeTmp/CMAKE_TRY_COMPILE.build/Debug/cmTC_d15ca.build/DerivedSources-normal/x86_64 -I/Users/mac/Documents/GitHub/MacLearn/Source/opencv-3.4.6/BuildXcode/CMakeFiles/CMakeTmp/CMAKE_TRY_COMPILE.build/Debug/cmTC_d15ca.build/DerivedSources/x86_64 -I/Users/mac/Documents/GitHub/MacLearn/Source/opencv-3.4.6/BuildXcode/CMakeFiles/CMakeTmp/CMAKE_TRY_COMPILE.build/Debug/cmTC_d15ca.build/DerivedSources -Wmost -Wno-four-char-constants -Wno-unknown-pragmas -F/Users/mac/Documents/GitHub/MacLearn/Source/opencv-3.4.6/BuildXcode/CMakeFiles/CMakeTmp/Debug -fPIE -MMD -MT dependencies -MF /Users/mac/Documents/GitHub/MacLearn/Source/opencv-3.4.6/BuildXcode/CMakeFiles/CMakeTmp/CMAKE_TRY_COMPILE.build/Debug/cmTC_d15ca.build/Objects-normal/x86_64/cpu_avx2.d --serialize-diagnostics /Users/mac/Documents/GitHub/MacLearn/Source/opencv-3.4.6/BuildXcode/CMakeFiles/CMakeTmp/CMAKE_TRY_COMPILE.build/Debug/cmTC_d15ca.build/Objects-normal/x86_64/cpu_avx2.dia -c /Users/mac/Documents/GitHub/MacLearn/Source/opencv-3.4.6/cmake/checks/cpu_avx2.cpp -o /Users/mac/Documents/GitHub/MacLearn/Source/opencv-3.4.6/BuildXcode/CMakeFiles/CMakeTmp/CMAKE_TRY_COMPILE.build/Debug/cmTC_d15ca.build/Objects-normal/x86_64/cpu_avx2.o
/Users/mac/Documents/GitHub/MacLearn/Source/opencv-3.4.6/cmake/checks/cpu_avx2.cpp:2:2: error: "__AVX2__ define is missing"
#error "__AVX2__ define is missing"
 ^
/Users/mac/Documents/GitHub/MacLearn/Source/opencv-3.4.6/cmake/checks/cpu_avx2.cpp:8:13: warning: unused variable 'a' [-Wunused-variable]
    __m256i a = _mm256_loadu_si256((const __m256i *)data);
            ^
1 warning and 1 error generated.

** BUILD FAILED **


The following build commands failed:
	CompileC CMAKE_TRY_COMPILE.build/Debug/cmTC_d15ca.build/Objects-normal/x86_64/cpu_avx2.o /Users/mac/Documents/GitHub/MacLearn/Source/opencv-3.4.6/cmake/checks/cpu_avx2.cpp normal x86_64 c++ com.apple.compilers.llvm.clang.1_0.compiler
(1 failure)

===== END =====

Compilation failed:
    source file: '/Users/mac/Documents/GitHub/MacLearn/Source/opencv-3.4.6/cmake/checks/cpu_avx512.cpp'
    check option: ''
===== BUILD LOG =====
Change Dir: /Users/mac/Documents/GitHub/MacLearn/Source/opencv-3.4.6/BuildXcode/CMakeFiles/CMakeTmp

Run Build Command(s):/usr/bin/xcodebuild -project CMAKE_TRY_COMPILE.xcodeproj build -target cmTC_ca4ef -configuration Debug -hideShellScriptEnvironment 
User defaults from command line:
    HideShellScriptEnvironment = YES

Prepare build
note: Using legacy build system

=== BUILD TARGET cmTC_ca4ef OF PROJECT CMAKE_TRY_COMPILE WITH CONFIGURATION Debug ===

Check dependencies

Write auxiliary files
/bin/mkdir -p /Users/mac/Documents/GitHub/MacLearn/Source/opencv-3.4.6/BuildXcode/CMakeFiles/CMakeTmp/CMAKE_TRY_COMPILE.build/Debug/cmTC_ca4ef.build/Objects-normal/x86_64
write-file /Users/mac/Documents/GitHub/MacLearn/Source/opencv-3.4.6/BuildXcode/CMakeFiles/CMakeTmp/CMAKE_TRY_COMPILE.build/Debug/cmTC_ca4ef.build/Objects-normal/x86_64/cmTC_ca4ef.LinkFileList

CompileC CMAKE_TRY_COMPILE.build/Debug/cmTC_ca4ef.build/Objects-normal/x86_64/cpu_avx512.o /Users/mac/Documents/GitHub/MacLearn/Source/opencv-3.4.6/cmake/checks/cpu_avx512.cpp normal x86_64 c++ com.apple.compilers.llvm.clang.1_0.compiler
    cd /Users/mac/Documents/GitHub/MacLearn/Source/opencv-3.4.6/BuildXcode/CMakeFiles/CMakeTmp
    /Applications/Xcode.app/Contents/Developer/Toolchains/XcodeDefault.xctoolchain/usr/bin/clang -x c++ -arch x86_64 -fmessage-length=0 -fdiagnostics-show-note-include-stack -fmacro-backtrace-limit=0 -Wno-trigraphs -fpascal-strings -O0 -Wno-missing-field-initializers -Wno-missing-prototypes -Wno-return-type -Wno-non-virtual-dtor -Wno-overloaded-virtual -Wno-exit-time-destructors -Wno-missing-braces -Wparentheses -Wswitch -Wno-unused-function -Wno-unused-label -Wno-unused-parameter -Wno-unused-variable -Wunused-value -Wno-empty-body -Wno-uninitialized -Wno-unknown-pragmas -Wno-shadow -Wno-four-char-constants -Wno-conversion -Wno-constant-conversion -Wno-int-conversion -Wno-bool-conversion -Wno-enum-conversion -Wno-float-conversion -Wno-non-literal-null-conversion -Wno-objc-literal-conversion -Wno-shorten-64-to-32 -Wno-newline-eof -Wno-c++11-extensions -DCMAKE_INTDIR=\"Debug\" -isysroot /Applications/Xcode.app/Contents/Developer/Platforms/MacOSX.platform/Developer/SDKs/MacOSX10.14.sdk -fasm-blocks -fstrict-aliasing -Wdeprecated-declarations -Winvalid-offsetof -mmacosx-version-min=10.14 -g -Wno-sign-conversion -Wno-infinite-recursion -Wno-move -Wno-comma -Wno-block-capture-autoreleasing -Wno-strict-prototypes -Wno-range-loop-analysis -Wno-semicolon-before-method-body -I/Users/mac/Documents/GitHub/MacLearn/Source/opencv-3.4.6/BuildXcode/CMakeFiles/CMakeTmp/Debug/include -I/Users/mac/Documents/GitHub/MacLearn/Source/opencv-3.4.6/BuildXcode/CMakeFiles/CMakeTmp/CMAKE_TRY_COMPILE.build/Debug/cmTC_ca4ef.build/DerivedSources-normal/x86_64 -I/Users/mac/Documents/GitHub/MacLearn/Source/opencv-3.4.6/BuildXcode/CMakeFiles/CMakeTmp/CMAKE_TRY_COMPILE.build/Debug/cmTC_ca4ef.build/DerivedSources/x86_64 -I/Users/mac/Documents/GitHub/MacLearn/Source/opencv-3.4.6/BuildXcode/CMakeFiles/CMakeTmp/CMAKE_TRY_COMPILE.build/Debug/cmTC_ca4ef.build/DerivedSources -Wmost -Wno-four-char-constants -Wno-unknown-pragmas -F/Users/mac/Documents/GitHub/MacLearn/Source/opencv-3.4.6/BuildXcode/CMakeFiles/CMakeTmp/Debug -fPIE -MMD -MT dependencies -MF /Users/mac/Documents/GitHub/MacLearn/Source/opencv-3.4.6/BuildXcode/CMakeFiles/CMakeTmp/CMAKE_TRY_COMPILE.build/Debug/cmTC_ca4ef.build/Objects-normal/x86_64/cpu_avx512.d --serialize-diagnostics /Users/mac/Documents/GitHub/MacLearn/Source/opencv-3.4.6/BuildXcode/CMakeFiles/CMakeTmp/CMAKE_TRY_COMPILE.build/Debug/cmTC_ca4ef.build/Objects-normal/x86_64/cpu_avx512.dia -c /Users/mac/Documents/GitHub/MacLearn/Source/opencv-3.4.6/cmake/checks/cpu_avx512.cpp -o /Users/mac/Documents/GitHub/MacLearn/Source/opencv-3.4.6/BuildXcode/CMakeFiles/CMakeTmp/CMAKE_TRY_COMPILE.build/Debug/cmTC_ca4ef.build/Objects-normal/x86_64/cpu_avx512.o
/Users/mac/Documents/GitHub/MacLearn/Source/opencv-3.4.6/cmake/checks/cpu_avx512.cpp:11:2: error: "AVX512 is not supported"
#error "AVX512 is not supported"
 ^
1 error generated.

** BUILD FAILED **


The following build commands failed:
	CompileC CMAKE_TRY_COMPILE.build/Debug/cmTC_ca4ef.build/Objects-normal/x86_64/cpu_avx512.o /Users/mac/Documents/GitHub/MacLearn/Source/opencv-3.4.6/cmake/checks/cpu_avx512.cpp normal x86_64 c++ com.apple.compilers.llvm.clang.1_0.compiler
(1 failure)

===== END =====

Compilation failed:
    source file: '/Users/mac/Documents/GitHub/MacLearn/Source/opencv-3.4.6/cmake/checks/cpu_avx512skx.cpp'
    check option: ''
===== BUILD LOG =====
Change Dir: /Users/mac/Documents/GitHub/MacLearn/Source/opencv-3.4.6/BuildXcode/CMakeFiles/CMakeTmp

Run Build Command(s):/usr/bin/xcodebuild -project CMAKE_TRY_COMPILE.xcodeproj build -target cmTC_54d25 -configuration Debug -hideShellScriptEnvironment 
User defaults from command line:
    HideShellScriptEnvironment = YES

Prepare build
note: Using legacy build system

=== BUILD TARGET cmTC_54d25 OF PROJECT CMAKE_TRY_COMPILE WITH CONFIGURATION Debug ===

Check dependencies

Write auxiliary files
/bin/mkdir -p /Users/mac/Documents/GitHub/MacLearn/Source/opencv-3.4.6/BuildXcode/CMakeFiles/CMakeTmp/CMAKE_TRY_COMPILE.build/Debug/cmTC_54d25.build/Objects-normal/x86_64
write-file /Users/mac/Documents/GitHub/MacLearn/Source/opencv-3.4.6/BuildXcode/CMakeFiles/CMakeTmp/CMAKE_TRY_COMPILE.build/Debug/cmTC_54d25.build/Objects-normal/x86_64/cmTC_54d25.LinkFileList

CompileC CMAKE_TRY_COMPILE.build/Debug/cmTC_54d25.build/Objects-normal/x86_64/cpu_avx512skx.o /Users/mac/Documents/GitHub/MacLearn/Source/opencv-3.4.6/cmake/checks/cpu_avx512skx.cpp normal x86_64 c++ com.apple.compilers.llvm.clang.1_0.compiler
    cd /Users/mac/Documents/GitHub/MacLearn/Source/opencv-3.4.6/BuildXcode/CMakeFiles/CMakeTmp
    /Applications/Xcode.app/Contents/Developer/Toolchains/XcodeDefault.xctoolchain/usr/bin/clang -x c++ -arch x86_64 -fmessage-length=0 -fdiagnostics-show-note-include-stack -fmacro-backtrace-limit=0 -Wno-trigraphs -fpascal-strings -O0 -Wno-missing-field-initializers -Wno-missing-prototypes -Wno-return-type -Wno-non-virtual-dtor -Wno-overloaded-virtual -Wno-exit-time-destructors -Wno-missing-braces -Wparentheses -Wswitch -Wno-unused-function -Wno-unused-label -Wno-unused-parameter -Wno-unused-variable -Wunused-value -Wno-empty-body -Wno-uninitialized -Wno-unknown-pragmas -Wno-shadow -Wno-four-char-constants -Wno-conversion -Wno-constant-conversion -Wno-int-conversion -Wno-bool-conversion -Wno-enum-conversion -Wno-float-conversion -Wno-non-literal-null-conversion -Wno-objc-literal-conversion -Wno-shorten-64-to-32 -Wno-newline-eof -Wno-c++11-extensions -DCMAKE_INTDIR=\"Debug\" -isysroot /Applications/Xcode.app/Contents/Developer/Platforms/MacOSX.platform/Developer/SDKs/MacOSX10.14.sdk -fasm-blocks -fstrict-aliasing -Wdeprecated-declarations -Winvalid-offsetof -mmacosx-version-min=10.14 -g -Wno-sign-conversion -Wno-infinite-recursion -Wno-move -Wno-comma -Wno-block-capture-autoreleasing -Wno-strict-prototypes -Wno-range-loop-analysis -Wno-semicolon-before-method-body -I/Users/mac/Documents/GitHub/MacLearn/Source/opencv-3.4.6/BuildXcode/CMakeFiles/CMakeTmp/Debug/include -I/Users/mac/Documents/GitHub/MacLearn/Source/opencv-3.4.6/BuildXcode/CMakeFiles/CMakeTmp/CMAKE_TRY_COMPILE.build/Debug/cmTC_54d25.build/DerivedSources-normal/x86_64 -I/Users/mac/Documents/GitHub/MacLearn/Source/opencv-3.4.6/BuildXcode/CMakeFiles/CMakeTmp/CMAKE_TRY_COMPILE.build/Debug/cmTC_54d25.build/DerivedSources/x86_64 -I/Users/mac/Documents/GitHub/MacLearn/Source/opencv-3.4.6/BuildXcode/CMakeFiles/CMakeTmp/CMAKE_TRY_COMPILE.build/Debug/cmTC_54d25.build/DerivedSources -Wmost -Wno-four-char-constants -Wno-unknown-pragmas -F/Users/mac/Documents/GitHub/MacLearn/Source/opencv-3.4.6/BuildXcode/CMakeFiles/CMakeTmp/Debug -fPIE -MMD -MT dependencies -MF /Users/mac/Documents/GitHub/MacLearn/Source/opencv-3.4.6/BuildXcode/CMakeFiles/CMakeTmp/CMAKE_TRY_COMPILE.build/Debug/cmTC_54d25.build/Objects-normal/x86_64/cpu_avx512skx.d --serialize-diagnostics /Users/mac/Documents/GitHub/MacLearn/Source/opencv-3.4.6/BuildXcode/CMakeFiles/CMakeTmp/CMAKE_TRY_COMPILE.build/Debug/cmTC_54d25.build/Objects-normal/x86_64/cpu_avx512skx.dia -c /Users/mac/Documents/GitHub/MacLearn/Source/opencv-3.4.6/cmake/checks/cpu_avx512skx.cpp -o /Users/mac/Documents/GitHub/MacLearn/Source/opencv-3.4.6/BuildXcode/CMakeFiles/CMakeTmp/CMAKE_TRY_COMPILE.build/Debug/cmTC_54d25.build/Objects-normal/x86_64/cpu_avx512skx.o
/Users/mac/Documents/GitHub/MacLearn/Source/opencv-3.4.6/cmake/checks/cpu_avx512skx.cpp:15:2: error: "AVX512-SKX is not supported"
#error "AVX512-SKX is not supported"
 ^
1 error generated.

** BUILD FAILED **


The following build commands failed:
	CompileC CMAKE_TRY_COMPILE.build/Debug/cmTC_54d25.build/Objects-normal/x86_64/cpu_avx512skx.o /Users/mac/Documents/GitHub/MacLearn/Source/opencv-3.4.6/cmake/checks/cpu_avx512skx.cpp normal x86_64 c++ com.apple.compilers.llvm.clang.1_0.compiler
(1 failure)

===== END =====

Determining if the include file malloc.h exists failed with the following output:
Change Dir: /Users/mac/Documents/GitHub/MacLearn/Source/opencv-3.4.6/BuildXcode/CMakeFiles/CMakeTmp

Run Build Command(s):/usr/bin/xcodebuild -project CMAKE_TRY_COMPILE.xcodeproj build -target cmTC_6086a -configuration Debug -hideShellScriptEnvironment 
User defaults from command line:
    HideShellScriptEnvironment = YES

Prepare build
note: Using legacy build system

=== BUILD TARGET cmTC_6086a OF PROJECT CMAKE_TRY_COMPILE WITH CONFIGURATION Debug ===

Check dependencies

Write auxiliary files
/bin/mkdir -p /Users/mac/Documents/GitHub/MacLearn/Source/opencv-3.4.6/BuildXcode/CMakeFiles/CMakeTmp/CMAKE_TRY_COMPILE.build/Debug/cmTC_6086a.build/Objects-normal/x86_64
write-file /Users/mac/Documents/GitHub/MacLearn/Source/opencv-3.4.6/BuildXcode/CMakeFiles/CMakeTmp/CMAKE_TRY_COMPILE.build/Debug/cmTC_6086a.build/Objects-normal/x86_64/cmTC_6086a.LinkFileList

CompileC CMAKE_TRY_COMPILE.build/Debug/cmTC_6086a.build/Objects-normal/x86_64/CheckIncludeFile.o CheckIncludeFile.c normal x86_64 c com.apple.compilers.llvm.clang.1_0.compiler
    cd /Users/mac/Documents/GitHub/MacLearn/Source/opencv-3.4.6/BuildXcode/CMakeFiles/CMakeTmp
    /Applications/Xcode.app/Contents/Developer/Toolchains/XcodeDefault.xctoolchain/usr/bin/clang -x c -arch x86_64 -fmessage-length=0 -fdiagnostics-show-note-include-stack -fmacro-backtrace-limit=0 -Wno-trigraphs -fpascal-strings -O0 -Wno-missing-field-initializers -Wno-missing-prototypes -Wno-return-type -Wno-missing-braces -Wparentheses -Wswitch -Wno-unused-function -Wno-unused-label -Wno-unused-parameter -Wno-unused-variable -Wunused-value -Wno-empty-body -Wno-uninitialized -Wno-unknown-pragmas -Wno-shadow -Wno-four-char-constants -Wno-conversion -Wno-constant-conversion -Wno-int-conversion -Wno-bool-conversion -Wno-enum-conversion -Wno-float-conversion -Wno-non-literal-null-conversion -Wno-objc-literal-conversion -Wno-shorten-64-to-32 -Wpointer-sign -Wno-newline-eof -DCMAKE_INTDIR=\"Debug\" -isysroot /Applications/Xcode.app/Contents/Developer/Platforms/MacOSX.platform/Developer/SDKs/MacOSX10.14.sdk -fasm-blocks -fstrict-aliasing -Wdeprecated-declarations -mmacosx-version-min=10.14 -g -Wno-sign-conversion -Wno-infinite-recursion -Wno-comma -Wno-block-capture-autoreleasing -Wno-strict-prototypes -Wno-semicolon-before-method-body -I/Users/mac/Documents/GitHub/MacLearn/Source/opencv-3.4.6/BuildXcode/CMakeFiles/CMakeTmp/Debug/include -I/Users/mac/Documents/GitHub/MacLearn/Source/opencv-3.4.6/BuildXcode/CMakeFiles/CMakeTmp/CMAKE_TRY_COMPILE.build/Debug/cmTC_6086a.build/DerivedSources-normal/x86_64 -I/Users/mac/Documents/GitHub/MacLearn/Source/opencv-3.4.6/BuildXcode/CMakeFiles/CMakeTmp/CMAKE_TRY_COMPILE.build/Debug/cmTC_6086a.build/DerivedSources/x86_64 -I/Users/mac/Documents/GitHub/MacLearn/Source/opencv-3.4.6/BuildXcode/CMakeFiles/CMakeTmp/CMAKE_TRY_COMPILE.build/Debug/cmTC_6086a.build/DerivedSources -Wmost -Wno-four-char-constants -Wno-unknown-pragmas -F/Users/mac/Documents/GitHub/MacLearn/Source/opencv-3.4.6/BuildXcode/CMakeFiles/CMakeTmp/Debug -fsigned-char -W -Wall -Werror=return-type -Werror=non-virtual-dtor -Werror=address -Werror=sequence-point -Wformat -Werror=format-security -Wmissing-declarations -Wmissing-prototypes -Wstrict-prototypes -Wundef -Winit-self -Wpointer-arith -Wshadow -Wsign-promo -Wuninitialized -Winit-self -Wno-delete-non-virtual-dtor -Wno-unnamed-type-template-args -Wno-comment -fdiagnostics-show-option -Wno-long-long -Qunused-arguments -Wno-semicolon-before-method-body -ffunction-sections -fdata-sections -fvisibility=hidden -fvisibility-inlines-hidden -fPIE -MMD -MT dependencies -MF /Users/mac/Documents/GitHub/MacLearn/Source/opencv-3.4.6/BuildXcode/CMakeFiles/CMakeTmp/CMAKE_TRY_COMPILE.build/Debug/cmTC_6086a.build/Objects-normal/x86_64/CheckIncludeFile.d --serialize-diagnostics /Users/mac/Documents/GitHub/MacLearn/Source/opencv-3.4.6/BuildXcode/CMakeFiles/CMakeTmp/CMAKE_TRY_COMPILE.build/Debug/cmTC_6086a.build/Objects-normal/x86_64/CheckIncludeFile.dia -c /Users/mac/Documents/GitHub/MacLearn/Source/opencv-3.4.6/BuildXcode/CMakeFiles/CMakeTmp/CheckIncludeFile.c -o /Users/mac/Documents/GitHub/MacLearn/Source/opencv-3.4.6/BuildXcode/CMakeFiles/CMakeTmp/CMAKE_TRY_COMPILE.build/Debug/cmTC_6086a.build/Objects-normal/x86_64/CheckIncludeFile.o
/Users/mac/Documents/GitHub/MacLearn/Source/opencv-3.4.6/BuildXcode/CMakeFiles/CMakeTmp/CheckIncludeFile.c:1:10: fatal error: 'malloc.h' file not found
#include <malloc.h>
         ^~~~~~~~~~
1 error generated.

** BUILD FAILED **


The following build commands failed:
	CompileC CMAKE_TRY_COMPILE.build/Debug/cmTC_6086a.build/Objects-normal/x86_64/CheckIncludeFile.o CheckIncludeFile.c normal x86_64 c com.apple.compilers.llvm.clang.1_0.compiler
(1 failure)


Determining size of off64_t failed with the following output:
Change Dir: /Users/mac/Documents/GitHub/MacLearn/Source/opencv-3.4.6/BuildXcode/CMakeFiles/CMakeTmp

Run Build Command(s):/usr/bin/xcodebuild -project CMAKE_TRY_COMPILE.xcodeproj build -target cmTC_8fe84 -configuration Debug -hideShellScriptEnvironment 
User defaults from command line:
    HideShellScriptEnvironment = YES

Prepare build
note: Using legacy build system

=== BUILD TARGET cmTC_8fe84 OF PROJECT CMAKE_TRY_COMPILE WITH CONFIGURATION Debug ===

Check dependencies

Write auxiliary files
/bin/mkdir -p /Users/mac/Documents/GitHub/MacLearn/Source/opencv-3.4.6/BuildXcode/CMakeFiles/CMakeTmp/CMAKE_TRY_COMPILE.build/Debug/cmTC_8fe84.build/Objects-normal/x86_64
write-file /Users/mac/Documents/GitHub/MacLearn/Source/opencv-3.4.6/BuildXcode/CMakeFiles/CMakeTmp/CMAKE_TRY_COMPILE.build/Debug/cmTC_8fe84.build/Objects-normal/x86_64/cmTC_8fe84.LinkFileList

CompileC CMAKE_TRY_COMPILE.build/Debug/cmTC_8fe84.build/Objects-normal/x86_64/OFF64_T.o /Users/mac/Documents/GitHub/MacLearn/Source/opencv-3.4.6/BuildXcode/CMakeFiles/CheckTypeSize/OFF64_T.c normal x86_64 c com.apple.compilers.llvm.clang.1_0.compiler
    cd /Users/mac/Documents/GitHub/MacLearn/Source/opencv-3.4.6/BuildXcode/CMakeFiles/CMakeTmp
    /Applications/Xcode.app/Contents/Developer/Toolchains/XcodeDefault.xctoolchain/usr/bin/clang -x c -arch x86_64 -fmessage-length=0 -fdiagnostics-show-note-include-stack -fmacro-backtrace-limit=0 -Wno-trigraphs -fpascal-strings -O0 -Wno-missing-field-initializers -Wno-missing-prototypes -Wno-return-type -Wno-missing-braces -Wparentheses -Wswitch -Wno-unused-function -Wno-unused-label -Wno-unused-parameter -Wno-unused-variable -Wunused-value -Wno-empty-body -Wno-uninitialized -Wno-unknown-pragmas -Wno-shadow -Wno-four-char-constants -Wno-conversion -Wno-constant-conversion -Wno-int-conversion -Wno-bool-conversion -Wno-enum-conversion -Wno-float-conversion -Wno-non-literal-null-conversion -Wno-objc-literal-conversion -Wno-shorten-64-to-32 -Wpointer-sign -Wno-newline-eof -DCMAKE_INTDIR=\"Debug\" -isysroot /Applications/Xcode.app/Contents/Developer/Platforms/MacOSX.platform/Developer/SDKs/MacOSX10.14.sdk -fasm-blocks -fstrict-aliasing -Wdeprecated-declarations -mmacosx-version-min=10.14 -g -Wno-sign-conversion -Wno-infinite-recursion -Wno-comma -Wno-block-capture-autoreleasing -Wno-strict-prototypes -Wno-semicolon-before-method-body -I/Users/mac/Documents/GitHub/MacLearn/Source/opencv-3.4.6/BuildXcode/CMakeFiles/CMakeTmp/Debug/include -I/Users/mac/Documents/GitHub/MacLearn/Source/opencv-3.4.6/BuildXcode/CMakeFiles/CMakeTmp/CMAKE_TRY_COMPILE.build/Debug/cmTC_8fe84.build/DerivedSources-normal/x86_64 -I/Users/mac/Documents/GitHub/MacLearn/Source/opencv-3.4.6/BuildXcode/CMakeFiles/CMakeTmp/CMAKE_TRY_COMPILE.build/Debug/cmTC_8fe84.build/DerivedSources/x86_64 -I/Users/mac/Documents/GitHub/MacLearn/Source/opencv-3.4.6/BuildXcode/CMakeFiles/CMakeTmp/CMAKE_TRY_COMPILE.build/Debug/cmTC_8fe84.build/DerivedSources -Wmost -Wno-four-char-constants -Wno-unknown-pragmas -F/Users/mac/Documents/GitHub/MacLearn/Source/opencv-3.4.6/BuildXcode/CMakeFiles/CMakeTmp/Debug -fsigned-char -W -Wall -Werror=return-type -Werror=non-virtual-dtor -Werror=address -Werror=sequence-point -Wformat -Werror=format-security -Wmissing-declarations -Wmissing-prototypes -Wstrict-prototypes -Wundef -Winit-self -Wpointer-arith -Wshadow -Wsign-promo -Wuninitialized -Winit-self -Wno-delete-non-virtual-dtor -Wno-unnamed-type-template-args -Wno-comment -fdiagnostics-show-option -Wno-long-long -Qunused-arguments -Wno-semicolon-before-method-body -ffunction-sections -fdata-sections -fvisibility=hidden -fvisibility-inlines-hidden -fPIE -MMD -MT dependencies -MF /Users/mac/Documents/GitHub/MacLearn/Source/opencv-3.4.6/BuildXcode/CMakeFiles/CMakeTmp/CMAKE_TRY_COMPILE.build/Debug/cmTC_8fe84.build/Objects-normal/x86_64/OFF64_T.d --serialize-diagnostics /Users/mac/Documents/GitHub/MacLearn/Source/opencv-3.4.6/BuildXcode/CMakeFiles/CMakeTmp/CMAKE_TRY_COMPILE.build/Debug/cmTC_8fe84.build/Objects-normal/x86_64/OFF64_T.dia -c /Users/mac/Documents/GitHub/MacLearn/Source/opencv-3.4.6/BuildXcode/CMakeFiles/CheckTypeSize/OFF64_T.c -o /Users/mac/Documents/GitHub/MacLearn/Source/opencv-3.4.6/BuildXcode/CMakeFiles/CMakeTmp/CMAKE_TRY_COMPILE.build/Debug/cmTC_8fe84.build/Objects-normal/x86_64/OFF64_T.o
/Users/mac/Documents/GitHub/MacLearn/Source/opencv-3.4.6/BuildXcode/CMakeFiles/CheckTypeSize/OFF64_T.c:25:12: error: use of undeclared identifier 'off64_t'
  ('0' + ((SIZE / 10000)%10)),
           ^
/Users/mac/Documents/GitHub/MacLearn/Source/opencv-3.4.6/BuildXcode/CMakeFiles/CheckTypeSize/OFF64_T.c:23:22: note: expanded from macro 'SIZE'
#define SIZE (sizeof(off64_t))
                     ^
/Users/mac/Documents/GitHub/MacLearn/Source/opencv-3.4.6/BuildXcode/CMakeFiles/CheckTypeSize/OFF64_T.c:26:12: error: use of undeclared identifier 'off64_t'
  ('0' + ((SIZE / 1000)%10)),
           ^
/Users/mac/Documents/GitHub/MacLearn/Source/opencv-3.4.6/BuildXcode/CMakeFiles/CheckTypeSize/OFF64_T.c:23:22: note: expanded from macro 'SIZE'
#define SIZE (sizeof(off64_t))
                     ^
/Users/mac/Documents/GitHub/MacLearn/Source/opencv-3.4.6/BuildXcode/CMakeFiles/CheckTypeSize/OFF64_T.c:27:12: error: use of undeclared identifier 'off64_t'
  ('0' + ((SIZE / 100)%10)),
           ^
/Users/mac/Documents/GitHub/MacLearn/Source/opencv-3.4.6/BuildXcode/CMakeFiles/CheckTypeSize/OFF64_T.c:23:22: note: expanded from macro 'SIZE'
#define SIZE (sizeof(off64_t))
                     ^
/Users/mac/Documents/GitHub/MacLearn/Source/opencv-3.4.6/BuildXcode/CMakeFiles/CheckTypeSize/OFF64_T.c:28:12: error: use of undeclared identifier 'off64_t'
  ('0' + ((SIZE / 10)%10)),
           ^
/Users/mac/Documents/GitHub/MacLearn/Source/opencv-3.4.6/BuildXcode/CMakeFiles/CheckTypeSize/OFF64_T.c:23:22: note: expanded from macro 'SIZE'
#define SIZE (sizeof(off64_t))
                     ^
/Users/mac/Documents/GitHub/MacLearn/Source/opencv-3.4.6/BuildXcode/CMakeFiles/CheckTypeSize/OFF64_T.c:29:12: error: use of undeclared identifier 'off64_t'
  ('0' +  (SIZE    % 10)),
           ^
/Users/mac/Documents/GitHub/MacLearn/Source/opencv-3.4.6/BuildXcode/CMakeFiles/CheckTypeSize/OFF64_T.c:23:22: note: expanded from macro 'SIZE'
#define SIZE (sizeof(off64_t))
                     ^
5 errors generated.

** BUILD FAILED **


The following build commands failed:
	CompileC CMAKE_TRY_COMPILE.build/Debug/cmTC_8fe84.build/Objects-normal/x86_64/OFF64_T.o /Users/mac/Documents/GitHub/MacLearn/Source/opencv-3.4.6/BuildXcode/CMakeFiles/CheckTypeSize/OFF64_T.c normal x86_64 c com.apple.compilers.llvm.clang.1_0.compiler
(1 failure)

/Users/mac/Documents/GitHub/MacLearn/Source/opencv-3.4.6/BuildXcode/CMakeFiles/CheckTypeSize/OFF64_T.c:
#include <sys/types.h>
#include <stdint.h>
#include <stddef.h>


#undef KEY
#if defined(__i386)
# define KEY '_','_','i','3','8','6'
#elif defined(__x86_64)
# define KEY '_','_','x','8','6','_','6','4'
#elif defined(__ppc__)
# define KEY '_','_','p','p','c','_','_'
#elif defined(__ppc64__)
# define KEY '_','_','p','p','c','6','4','_','_'
#elif defined(__aarch64__)
# define KEY '_','_','a','a','r','c','h','6','4','_','_'
#elif defined(__ARM_ARCH_7A__)
# define KEY '_','_','A','R','M','_','A','R','C','H','_','7','A','_','_'
#elif defined(__ARM_ARCH_7S__)
# define KEY '_','_','A','R','M','_','A','R','C','H','_','7','S','_','_'
#endif

#define SIZE (sizeof(off64_t))
char info_size[] =  {'I', 'N', 'F', 'O', ':', 's','i','z','e','[',
  ('0' + ((SIZE / 10000)%10)),
  ('0' + ((SIZE / 1000)%10)),
  ('0' + ((SIZE / 100)%10)),
  ('0' + ((SIZE / 10)%10)),
  ('0' +  (SIZE    % 10)),
  ']',
#ifdef KEY
  ' ','k','e','y','[', KEY, ']',
#endif
  '\0'};

#ifdef __CLASSIC_C__
int main(argc, argv) int argc; char *argv[];
#else
int main(int argc, char *argv[])
#endif
{
  int require = 0;
  require += info_size[argc];
  (void)argv;
  return require;
}


Determining if the include file io.h exists failed with the following output:
Change Dir: /Users/mac/Documents/GitHub/MacLearn/Source/opencv-3.4.6/BuildXcode/CMakeFiles/CMakeTmp

Run Build Command(s):/usr/bin/xcodebuild -project CMAKE_TRY_COMPILE.xcodeproj build -target cmTC_9f239 -configuration Debug -hideShellScriptEnvironment 
User defaults from command line:
    HideShellScriptEnvironment = YES

Prepare build
note: Using legacy build system

=== BUILD TARGET cmTC_9f239 OF PROJECT CMAKE_TRY_COMPILE WITH CONFIGURATION Debug ===

Check dependencies

Write auxiliary files
/bin/mkdir -p /Users/mac/Documents/GitHub/MacLearn/Source/opencv-3.4.6/BuildXcode/CMakeFiles/CMakeTmp/CMAKE_TRY_COMPILE.build/Debug/cmTC_9f239.build/Objects-normal/x86_64
write-file /Users/mac/Documents/GitHub/MacLearn/Source/opencv-3.4.6/BuildXcode/CMakeFiles/CMakeTmp/CMAKE_TRY_COMPILE.build/Debug/cmTC_9f239.build/Objects-normal/x86_64/cmTC_9f239.LinkFileList

CompileC CMAKE_TRY_COMPILE.build/Debug/cmTC_9f239.build/Objects-normal/x86_64/CheckIncludeFile.o CheckIncludeFile.c normal x86_64 c com.apple.compilers.llvm.clang.1_0.compiler
    cd /Users/mac/Documents/GitHub/MacLearn/Source/opencv-3.4.6/BuildXcode/CMakeFiles/CMakeTmp
    /Applications/Xcode.app/Contents/Developer/Toolchains/XcodeDefault.xctoolchain/usr/bin/clang -x c -arch x86_64 -fmessage-length=0 -fdiagnostics-show-note-include-stack -fmacro-backtrace-limit=0 -Wno-trigraphs -fpascal-strings -O0 -Wno-missing-field-initializers -Wno-missing-prototypes -Wno-return-type -Wno-missing-braces -Wparentheses -Wswitch -Wno-unused-function -Wno-unused-label -Wno-unused-parameter -Wno-unused-variable -Wunused-value -Wno-empty-body -Wno-uninitialized -Wno-unknown-pragmas -Wno-shadow -Wno-four-char-constants -Wno-conversion -Wno-constant-conversion -Wno-int-conversion -Wno-bool-conversion -Wno-enum-conversion -Wno-float-conversion -Wno-non-literal-null-conversion -Wno-objc-literal-conversion -Wno-shorten-64-to-32 -Wpointer-sign -Wno-newline-eof -DCMAKE_INTDIR=\"Debug\" -isysroot /Applications/Xcode.app/Contents/Developer/Platforms/MacOSX.platform/Developer/SDKs/MacOSX10.14.sdk -fasm-blocks -fstrict-aliasing -Wdeprecated-declarations -mmacosx-version-min=10.14 -g -Wno-sign-conversion -Wno-infinite-recursion -Wno-comma -Wno-block-capture-autoreleasing -Wno-strict-prototypes -Wno-semicolon-before-method-body -I/Users/mac/Documents/GitHub/MacLearn/Source/opencv-3.4.6/BuildXcode/CMakeFiles/CMakeTmp/Debug/include -I/Users/mac/Documents/GitHub/MacLearn/Source/opencv-3.4.6/BuildXcode/CMakeFiles/CMakeTmp/CMAKE_TRY_COMPILE.build/Debug/cmTC_9f239.build/DerivedSources-normal/x86_64 -I/Users/mac/Documents/GitHub/MacLearn/Source/opencv-3.4.6/BuildXcode/CMakeFiles/CMakeTmp/CMAKE_TRY_COMPILE.build/Debug/cmTC_9f239.build/DerivedSources/x86_64 -I/Users/mac/Documents/GitHub/MacLearn/Source/opencv-3.4.6/BuildXcode/CMakeFiles/CMakeTmp/CMAKE_TRY_COMPILE.build/Debug/cmTC_9f239.build/DerivedSources -Wmost -Wno-four-char-constants -Wno-unknown-pragmas -F/Users/mac/Documents/GitHub/MacLearn/Source/opencv-3.4.6/BuildXcode/CMakeFiles/CMakeTmp/Debug -fsigned-char -W -Wall -Werror=return-type -Werror=non-virtual-dtor -Werror=address -Werror=sequence-point -Wformat -Werror=format-security -Wmissing-declarations -Wmissing-prototypes -Wstrict-prototypes -Wundef -Winit-self -Wpointer-arith -Wshadow -Wsign-promo -Wuninitialized -Winit-self -Wno-delete-non-virtual-dtor -Wno-unnamed-type-template-args -Wno-comment -fdiagnostics-show-option -Wno-long-long -Qunused-arguments -Wno-semicolon-before-method-body -ffunction-sections -fdata-sections -fvisibility=hidden -fvisibility-inlines-hidden -fPIE -MMD -MT dependencies -MF /Users/mac/Documents/GitHub/MacLearn/Source/opencv-3.4.6/BuildXcode/CMakeFiles/CMakeTmp/CMAKE_TRY_COMPILE.build/Debug/cmTC_9f239.build/Objects-normal/x86_64/CheckIncludeFile.d --serialize-diagnostics /Users/mac/Documents/GitHub/MacLearn/Source/opencv-3.4.6/BuildXcode/CMakeFiles/CMakeTmp/CMAKE_TRY_COMPILE.build/Debug/cmTC_9f239.build/Objects-normal/x86_64/CheckIncludeFile.dia -c /Users/mac/Documents/GitHub/MacLearn/Source/opencv-3.4.6/BuildXcode/CMakeFiles/CMakeTmp/CheckIncludeFile.c -o /Users/mac/Documents/GitHub/MacLearn/Source/opencv-3.4.6/BuildXcode/CMakeFiles/CMakeTmp/CMAKE_TRY_COMPILE.build/Debug/cmTC_9f239.build/Objects-normal/x86_64/CheckIncludeFile.o
/Users/mac/Documents/GitHub/MacLearn/Source/opencv-3.4.6/BuildXcode/CMakeFiles/CMakeTmp/CheckIncludeFile.c:1:10: fatal error: 'io.h' file not found
#include <io.h>
         ^~~~~~
1 error generated.

** BUILD FAILED **


The following build commands failed:
	CompileC CMAKE_TRY_COMPILE.build/Debug/cmTC_9f239.build/Objects-normal/x86_64/CheckIncludeFile.o CheckIncludeFile.c normal x86_64 c com.apple.compilers.llvm.clang.1_0.compiler
(1 failure)


Determining size of INT8 failed with the following output:
Change Dir: /Users/mac/Documents/GitHub/MacLearn/Source/opencv-3.4.6/BuildXcode/CMakeFiles/CMakeTmp

Run Build Command(s):/usr/bin/xcodebuild -project CMAKE_TRY_COMPILE.xcodeproj build -target cmTC_f9685 -configuration Debug -hideShellScriptEnvironment 
User defaults from command line:
    HideShellScriptEnvironment = YES

Prepare build
note: Using legacy build system

=== BUILD TARGET cmTC_f9685 OF PROJECT CMAKE_TRY_COMPILE WITH CONFIGURATION Debug ===

Check dependencies

Write auxiliary files
/bin/mkdir -p /Users/mac/Documents/GitHub/MacLearn/Source/opencv-3.4.6/BuildXcode/CMakeFiles/CMakeTmp/CMAKE_TRY_COMPILE.build/Debug/cmTC_f9685.build/Objects-normal/x86_64
write-file /Users/mac/Documents/GitHub/MacLearn/Source/opencv-3.4.6/BuildXcode/CMakeFiles/CMakeTmp/CMAKE_TRY_COMPILE.build/Debug/cmTC_f9685.build/Objects-normal/x86_64/cmTC_f9685.LinkFileList

CompileC CMAKE_TRY_COMPILE.build/Debug/cmTC_f9685.build/Objects-normal/x86_64/int8.o /Users/mac/Documents/GitHub/MacLearn/Source/opencv-3.4.6/BuildXcode/CMakeFiles/CheckTypeSize/int8.c normal x86_64 c com.apple.compilers.llvm.clang.1_0.compiler
    cd /Users/mac/Documents/GitHub/MacLearn/Source/opencv-3.4.6/BuildXcode/CMakeFiles/CMakeTmp
    /Applications/Xcode.app/Contents/Developer/Toolchains/XcodeDefault.xctoolchain/usr/bin/clang -x c -arch x86_64 -fmessage-length=0 -fdiagnostics-show-note-include-stack -fmacro-backtrace-limit=0 -Wno-trigraphs -fpascal-strings -O0 -Wno-missing-field-initializers -Wno-missing-prototypes -Wno-return-type -Wno-missing-braces -Wparentheses -Wswitch -Wno-unused-function -Wno-unused-label -Wno-unused-parameter -Wno-unused-variable -Wunused-value -Wno-empty-body -Wno-uninitialized -Wno-unknown-pragmas -Wno-shadow -Wno-four-char-constants -Wno-conversion -Wno-constant-conversion -Wno-int-conversion -Wno-bool-conversion -Wno-enum-conversion -Wno-float-conversion -Wno-non-literal-null-conversion -Wno-objc-literal-conversion -Wno-shorten-64-to-32 -Wpointer-sign -Wno-newline-eof -DCMAKE_INTDIR=\"Debug\" -isysroot /Applications/Xcode.app/Contents/Developer/Platforms/MacOSX.platform/Developer/SDKs/MacOSX10.14.sdk -fasm-blocks -fstrict-aliasing -Wdeprecated-declarations -mmacosx-version-min=10.14 -g -Wno-sign-conversion -Wno-infinite-recursion -Wno-comma -Wno-block-capture-autoreleasing -Wno-strict-prototypes -Wno-semicolon-before-method-body -I/Users/mac/Documents/GitHub/MacLearn/Source/opencv-3.4.6/BuildXcode/CMakeFiles/CMakeTmp/Debug/include -I/Users/mac/Documents/GitHub/MacLearn/Source/opencv-3.4.6/BuildXcode/CMakeFiles/CMakeTmp/CMAKE_TRY_COMPILE.build/Debug/cmTC_f9685.build/DerivedSources-normal/x86_64 -I/Users/mac/Documents/GitHub/MacLearn/Source/opencv-3.4.6/BuildXcode/CMakeFiles/CMakeTmp/CMAKE_TRY_COMPILE.build/Debug/cmTC_f9685.build/DerivedSources/x86_64 -I/Users/mac/Documents/GitHub/MacLearn/Source/opencv-3.4.6/BuildXcode/CMakeFiles/CMakeTmp/CMAKE_TRY_COMPILE.build/Debug/cmTC_f9685.build/DerivedSources -Wmost -Wno-four-char-constants -Wno-unknown-pragmas -F/Users/mac/Documents/GitHub/MacLearn/Source/opencv-3.4.6/BuildXcode/CMakeFiles/CMakeTmp/Debug -fsigned-char -W -Wall -Werror=return-type -Werror=non-virtual-dtor -Werror=address -Werror=sequence-point -Wformat -Werror=format-security -Wmissing-declarations -Wmissing-prototypes -Wstrict-prototypes -Wundef -Winit-self -Wpointer-arith -Wshadow -Wsign-promo -Wuninitialized -Winit-self -Wno-delete-non-virtual-dtor -Wno-unnamed-type-template-args -Wno-comment -fdiagnostics-show-option -Wno-long-long -Qunused-arguments -Wno-semicolon-before-method-body -ffunction-sections -fdata-sections -fvisibility=hidden -fvisibility-inlines-hidden -fPIE -MMD -MT dependencies -MF /Users/mac/Documents/GitHub/MacLearn/Source/opencv-3.4.6/BuildXcode/CMakeFiles/CMakeTmp/CMAKE_TRY_COMPILE.build/Debug/cmTC_f9685.build/Objects-normal/x86_64/int8.d --serialize-diagnostics /Users/mac/Documents/GitHub/MacLearn/Source/opencv-3.4.6/BuildXcode/CMakeFiles/CMakeTmp/CMAKE_TRY_COMPILE.build/Debug/cmTC_f9685.build/Objects-normal/x86_64/int8.dia -c /Users/mac/Documents/GitHub/MacLearn/Source/opencv-3.4.6/BuildXcode/CMakeFiles/CheckTypeSize/int8.c -o /Users/mac/Documents/GitHub/MacLearn/Source/opencv-3.4.6/BuildXcode/CMakeFiles/CMakeTmp/CMAKE_TRY_COMPILE.build/Debug/cmTC_f9685.build/Objects-normal/x86_64/int8.o
/Users/mac/Documents/GitHub/MacLearn/Source/opencv-3.4.6/BuildXcode/CMakeFiles/CheckTypeSize/int8.c:25:12: error: use of undeclared identifier 'INT8'
  ('0' + ((SIZE / 10000)%10)),
           ^
/Users/mac/Documents/GitHub/MacLearn/Source/opencv-3.4.6/BuildXcode/CMakeFiles/CheckTypeSize/int8.c:23:22: note: expanded from macro 'SIZE'
#define SIZE (sizeof(INT8))
                     ^
/Users/mac/Documents/GitHub/MacLearn/Source/opencv-3.4.6/BuildXcode/CMakeFiles/CheckTypeSize/int8.c:26:12: error: use of undeclared identifier 'INT8'
  ('0' + ((SIZE / 1000)%10)),
           ^
/Users/mac/Documents/GitHub/MacLearn/Source/opencv-3.4.6/BuildXcode/CMakeFiles/CheckTypeSize/int8.c:23:22: note: expanded from macro 'SIZE'
#define SIZE (sizeof(INT8))
                     ^
/Users/mac/Documents/GitHub/MacLearn/Source/opencv-3.4.6/BuildXcode/CMakeFiles/CheckTypeSize/int8.c:27:12: error: use of undeclared identifier 'INT8'
  ('0' + ((SIZE / 100)%10)),
           ^
/Users/mac/Documents/GitHub/MacLearn/Source/opencv-3.4.6/BuildXcode/CMakeFiles/CheckTypeSize/int8.c:23:22: note: expanded from macro 'SIZE'
#define SIZE (sizeof(INT8))
                     ^
/Users/mac/Documents/GitHub/MacLearn/Source/opencv-3.4.6/BuildXcode/CMakeFiles/CheckTypeSize/int8.c:28:12: error: use of undeclared identifier 'INT8'
  ('0' + ((SIZE / 10)%10)),
           ^
/Users/mac/Documents/GitHub/MacLearn/Source/opencv-3.4.6/BuildXcode/CMakeFiles/CheckTypeSize/int8.c:23:22: note: expanded from macro 'SIZE'
#define SIZE (sizeof(INT8))
                     ^
/Users/mac/Documents/GitHub/MacLearn/Source/opencv-3.4.6/BuildXcode/CMakeFiles/CheckTypeSize/int8.c:29:12: error: use of undeclared identifier 'INT8'
  ('0' +  (SIZE    % 10)),
           ^
/Users/mac/Documents/GitHub/MacLearn/Source/opencv-3.4.6/BuildXcode/CMakeFiles/CheckTypeSize/int8.c:23:22: note: expanded from macro 'SIZE'
#define SIZE (sizeof(INT8))
                     ^
5 errors generated.

** BUILD FAILED **


The following build commands failed:
	CompileC CMAKE_TRY_COMPILE.build/Debug/cmTC_f9685.build/Objects-normal/x86_64/int8.o /Users/mac/Documents/GitHub/MacLearn/Source/opencv-3.4.6/BuildXcode/CMakeFiles/CheckTypeSize/int8.c normal x86_64 c com.apple.compilers.llvm.clang.1_0.compiler
(1 failure)

/Users/mac/Documents/GitHub/MacLearn/Source/opencv-3.4.6/BuildXcode/CMakeFiles/CheckTypeSize/int8.c:
#include <sys/types.h>
#include <stdint.h>
#include <stddef.h>


#undef KEY
#if defined(__i386)
# define KEY '_','_','i','3','8','6'
#elif defined(__x86_64)
# define KEY '_','_','x','8','6','_','6','4'
#elif defined(__ppc__)
# define KEY '_','_','p','p','c','_','_'
#elif defined(__ppc64__)
# define KEY '_','_','p','p','c','6','4','_','_'
#elif defined(__aarch64__)
# define KEY '_','_','a','a','r','c','h','6','4','_','_'
#elif defined(__ARM_ARCH_7A__)
# define KEY '_','_','A','R','M','_','A','R','C','H','_','7','A','_','_'
#elif defined(__ARM_ARCH_7S__)
# define KEY '_','_','A','R','M','_','A','R','C','H','_','7','S','_','_'
#endif

#define SIZE (sizeof(INT8))
char info_size[] =  {'I', 'N', 'F', 'O', ':', 's','i','z','e','[',
  ('0' + ((SIZE / 10000)%10)),
  ('0' + ((SIZE / 1000)%10)),
  ('0' + ((SIZE / 100)%10)),
  ('0' + ((SIZE / 10)%10)),
  ('0' +  (SIZE    % 10)),
  ']',
#ifdef KEY
  ' ','k','e','y','[', KEY, ']',
#endif
  '\0'};

#ifdef __CLASSIC_C__
int main(argc, argv) int argc; char *argv[];
#else
int main(int argc, char *argv[])
#endif
{
  int require = 0;
  require += info_size[argc];
  (void)argv;
  return require;
}


Determining size of INT16 failed with the following output:
Change Dir: /Users/mac/Documents/GitHub/MacLearn/Source/opencv-3.4.6/BuildXcode/CMakeFiles/CMakeTmp

Run Build Command(s):/usr/bin/xcodebuild -project CMAKE_TRY_COMPILE.xcodeproj build -target cmTC_60081 -configuration Debug -hideShellScriptEnvironment 
User defaults from command line:
    HideShellScriptEnvironment = YES

Prepare build
note: Using legacy build system

=== BUILD TARGET cmTC_60081 OF PROJECT CMAKE_TRY_COMPILE WITH CONFIGURATION Debug ===

Check dependencies

Write auxiliary files
/bin/mkdir -p /Users/mac/Documents/GitHub/MacLearn/Source/opencv-3.4.6/BuildXcode/CMakeFiles/CMakeTmp/CMAKE_TRY_COMPILE.build/Debug/cmTC_60081.build/Objects-normal/x86_64
write-file /Users/mac/Documents/GitHub/MacLearn/Source/opencv-3.4.6/BuildXcode/CMakeFiles/CMakeTmp/CMAKE_TRY_COMPILE.build/Debug/cmTC_60081.build/Objects-normal/x86_64/cmTC_60081.LinkFileList

CompileC CMAKE_TRY_COMPILE.build/Debug/cmTC_60081.build/Objects-normal/x86_64/int16.o /Users/mac/Documents/GitHub/MacLearn/Source/opencv-3.4.6/BuildXcode/CMakeFiles/CheckTypeSize/int16.c normal x86_64 c com.apple.compilers.llvm.clang.1_0.compiler
    cd /Users/mac/Documents/GitHub/MacLearn/Source/opencv-3.4.6/BuildXcode/CMakeFiles/CMakeTmp
    /Applications/Xcode.app/Contents/Developer/Toolchains/XcodeDefault.xctoolchain/usr/bin/clang -x c -arch x86_64 -fmessage-length=0 -fdiagnostics-show-note-include-stack -fmacro-backtrace-limit=0 -Wno-trigraphs -fpascal-strings -O0 -Wno-missing-field-initializers -Wno-missing-prototypes -Wno-return-type -Wno-missing-braces -Wparentheses -Wswitch -Wno-unused-function -Wno-unused-label -Wno-unused-parameter -Wno-unused-variable -Wunused-value -Wno-empty-body -Wno-uninitialized -Wno-unknown-pragmas -Wno-shadow -Wno-four-char-constants -Wno-conversion -Wno-constant-conversion -Wno-int-conversion -Wno-bool-conversion -Wno-enum-conversion -Wno-float-conversion -Wno-non-literal-null-conversion -Wno-objc-literal-conversion -Wno-shorten-64-to-32 -Wpointer-sign -Wno-newline-eof -DCMAKE_INTDIR=\"Debug\" -isysroot /Applications/Xcode.app/Contents/Developer/Platforms/MacOSX.platform/Developer/SDKs/MacOSX10.14.sdk -fasm-blocks -fstrict-aliasing -Wdeprecated-declarations -mmacosx-version-min=10.14 -g -Wno-sign-conversion -Wno-infinite-recursion -Wno-comma -Wno-block-capture-autoreleasing -Wno-strict-prototypes -Wno-semicolon-before-method-body -I/Users/mac/Documents/GitHub/MacLearn/Source/opencv-3.4.6/BuildXcode/CMakeFiles/CMakeTmp/Debug/include -I/Users/mac/Documents/GitHub/MacLearn/Source/opencv-3.4.6/BuildXcode/CMakeFiles/CMakeTmp/CMAKE_TRY_COMPILE.build/Debug/cmTC_60081.build/DerivedSources-normal/x86_64 -I/Users/mac/Documents/GitHub/MacLearn/Source/opencv-3.4.6/BuildXcode/CMakeFiles/CMakeTmp/CMAKE_TRY_COMPILE.build/Debug/cmTC_60081.build/DerivedSources/x86_64 -I/Users/mac/Documents/GitHub/MacLearn/Source/opencv-3.4.6/BuildXcode/CMakeFiles/CMakeTmp/CMAKE_TRY_COMPILE.build/Debug/cmTC_60081.build/DerivedSources -Wmost -Wno-four-char-constants -Wno-unknown-pragmas -F/Users/mac/Documents/GitHub/MacLearn/Source/opencv-3.4.6/BuildXcode/CMakeFiles/CMakeTmp/Debug -fsigned-char -W -Wall -Werror=return-type -Werror=non-virtual-dtor -Werror=address -Werror=sequence-point -Wformat -Werror=format-security -Wmissing-declarations -Wmissing-prototypes -Wstrict-prototypes -Wundef -Winit-self -Wpointer-arith -Wshadow -Wsign-promo -Wuninitialized -Winit-self -Wno-delete-non-virtual-dtor -Wno-unnamed-type-template-args -Wno-comment -fdiagnostics-show-option -Wno-long-long -Qunused-arguments -Wno-semicolon-before-method-body -ffunction-sections -fdata-sections -fvisibility=hidden -fvisibility-inlines-hidden -fPIE -MMD -MT dependencies -MF /Users/mac/Documents/GitHub/MacLearn/Source/opencv-3.4.6/BuildXcode/CMakeFiles/CMakeTmp/CMAKE_TRY_COMPILE.build/Debug/cmTC_60081.build/Objects-normal/x86_64/int16.d --serialize-diagnostics /Users/mac/Documents/GitHub/MacLearn/Source/opencv-3.4.6/BuildXcode/CMakeFiles/CMakeTmp/CMAKE_TRY_COMPILE.build/Debug/cmTC_60081.build/Objects-normal/x86_64/int16.dia -c /Users/mac/Documents/GitHub/MacLearn/Source/opencv-3.4.6/BuildXcode/CMakeFiles/CheckTypeSize/int16.c -o /Users/mac/Documents/GitHub/MacLearn/Source/opencv-3.4.6/BuildXcode/CMakeFiles/CMakeTmp/CMAKE_TRY_COMPILE.build/Debug/cmTC_60081.build/Objects-normal/x86_64/int16.o
/Users/mac/Documents/GitHub/MacLearn/Source/opencv-3.4.6/BuildXcode/CMakeFiles/CheckTypeSize/int16.c:25:12: error: use of undeclared identifier 'INT16'
  ('0' + ((SIZE / 10000)%10)),
           ^
/Users/mac/Documents/GitHub/MacLearn/Source/opencv-3.4.6/BuildXcode/CMakeFiles/CheckTypeSize/int16.c:23:22: note: expanded from macro 'SIZE'
#define SIZE (sizeof(INT16))
                     ^
/Users/mac/Documents/GitHub/MacLearn/Source/opencv-3.4.6/BuildXcode/CMakeFiles/CheckTypeSize/int16.c:26:12: error: use of undeclared identifier 'INT16'
  ('0' + ((SIZE / 1000)%10)),
           ^
/Users/mac/Documents/GitHub/MacLearn/Source/opencv-3.4.6/BuildXcode/CMakeFiles/CheckTypeSize/int16.c:23:22: note: expanded from macro 'SIZE'
#define SIZE (sizeof(INT16))
                     ^
/Users/mac/Documents/GitHub/MacLearn/Source/opencv-3.4.6/BuildXcode/CMakeFiles/CheckTypeSize/int16.c:27:12: error: use of undeclared identifier 'INT16'
  ('0' + ((SIZE / 100)%10)),
           ^
/Users/mac/Documents/GitHub/MacLearn/Source/opencv-3.4.6/BuildXcode/CMakeFiles/CheckTypeSize/int16.c:23:22: note: expanded from macro 'SIZE'
#define SIZE (sizeof(INT16))
                     ^
/Users/mac/Documents/GitHub/MacLearn/Source/opencv-3.4.6/BuildXcode/CMakeFiles/CheckTypeSize/int16.c:28:12: error: use of undeclared identifier 'INT16'
  ('0' + ((SIZE / 10)%10)),
           ^
/Users/mac/Documents/GitHub/MacLearn/Source/opencv-3.4.6/BuildXcode/CMakeFiles/CheckTypeSize/int16.c:23:22: note: expanded from macro 'SIZE'
#define SIZE (sizeof(INT16))
                     ^
/Users/mac/Documents/GitHub/MacLearn/Source/opencv-3.4.6/BuildXcode/CMakeFiles/CheckTypeSize/int16.c:29:12: error: use of undeclared identifier 'INT16'
  ('0' +  (SIZE    % 10)),
           ^
/Users/mac/Documents/GitHub/MacLearn/Source/opencv-3.4.6/BuildXcode/CMakeFiles/CheckTypeSize/int16.c:23:22: note: expanded from macro 'SIZE'
#define SIZE (sizeof(INT16))
                     ^
5 errors generated.

** BUILD FAILED **


The following build commands failed:
	CompileC CMAKE_TRY_COMPILE.build/Debug/cmTC_60081.build/Objects-normal/x86_64/int16.o /Users/mac/Documents/GitHub/MacLearn/Source/opencv-3.4.6/BuildXcode/CMakeFiles/CheckTypeSize/int16.c normal x86_64 c com.apple.compilers.llvm.clang.1_0.compiler
(1 failure)

/Users/mac/Documents/GitHub/MacLearn/Source/opencv-3.4.6/BuildXcode/CMakeFiles/CheckTypeSize/int16.c:
#include <sys/types.h>
#include <stdint.h>
#include <stddef.h>


#undef KEY
#if defined(__i386)
# define KEY '_','_','i','3','8','6'
#elif defined(__x86_64)
# define KEY '_','_','x','8','6','_','6','4'
#elif defined(__ppc__)
# define KEY '_','_','p','p','c','_','_'
#elif defined(__ppc64__)
# define KEY '_','_','p','p','c','6','4','_','_'
#elif defined(__aarch64__)
# define KEY '_','_','a','a','r','c','h','6','4','_','_'
#elif defined(__ARM_ARCH_7A__)
# define KEY '_','_','A','R','M','_','A','R','C','H','_','7','A','_','_'
#elif defined(__ARM_ARCH_7S__)
# define KEY '_','_','A','R','M','_','A','R','C','H','_','7','S','_','_'
#endif

#define SIZE (sizeof(INT16))
char info_size[] =  {'I', 'N', 'F', 'O', ':', 's','i','z','e','[',
  ('0' + ((SIZE / 10000)%10)),
  ('0' + ((SIZE / 1000)%10)),
  ('0' + ((SIZE / 100)%10)),
  ('0' + ((SIZE / 10)%10)),
  ('0' +  (SIZE    % 10)),
  ']',
#ifdef KEY
  ' ','k','e','y','[', KEY, ']',
#endif
  '\0'};

#ifdef __CLASSIC_C__
int main(argc, argv) int argc; char *argv[];
#else
int main(int argc, char *argv[])
#endif
{
  int require = 0;
  require += info_size[argc];
  (void)argv;
  return require;
}


Determining size of INT32 failed with the following output:
Change Dir: /Users/mac/Documents/GitHub/MacLearn/Source/opencv-3.4.6/BuildXcode/CMakeFiles/CMakeTmp

Run Build Command(s):/usr/bin/xcodebuild -project CMAKE_TRY_COMPILE.xcodeproj build -target cmTC_c330d -configuration Debug -hideShellScriptEnvironment 
User defaults from command line:
    HideShellScriptEnvironment = YES

Prepare build
note: Using legacy build system

=== BUILD TARGET cmTC_c330d OF PROJECT CMAKE_TRY_COMPILE WITH CONFIGURATION Debug ===

Check dependencies

Write auxiliary files
/bin/mkdir -p /Users/mac/Documents/GitHub/MacLearn/Source/opencv-3.4.6/BuildXcode/CMakeFiles/CMakeTmp/CMAKE_TRY_COMPILE.build/Debug/cmTC_c330d.build/Objects-normal/x86_64
write-file /Users/mac/Documents/GitHub/MacLearn/Source/opencv-3.4.6/BuildXcode/CMakeFiles/CMakeTmp/CMAKE_TRY_COMPILE.build/Debug/cmTC_c330d.build/Objects-normal/x86_64/cmTC_c330d.LinkFileList

CompileC CMAKE_TRY_COMPILE.build/Debug/cmTC_c330d.build/Objects-normal/x86_64/int32.o /Users/mac/Documents/GitHub/MacLearn/Source/opencv-3.4.6/BuildXcode/CMakeFiles/CheckTypeSize/int32.c normal x86_64 c com.apple.compilers.llvm.clang.1_0.compiler
    cd /Users/mac/Documents/GitHub/MacLearn/Source/opencv-3.4.6/BuildXcode/CMakeFiles/CMakeTmp
    /Applications/Xcode.app/Contents/Developer/Toolchains/XcodeDefault.xctoolchain/usr/bin/clang -x c -arch x86_64 -fmessage-length=0 -fdiagnostics-show-note-include-stack -fmacro-backtrace-limit=0 -Wno-trigraphs -fpascal-strings -O0 -Wno-missing-field-initializers -Wno-missing-prototypes -Wno-return-type -Wno-missing-braces -Wparentheses -Wswitch -Wno-unused-function -Wno-unused-label -Wno-unused-parameter -Wno-unused-variable -Wunused-value -Wno-empty-body -Wno-uninitialized -Wno-unknown-pragmas -Wno-shadow -Wno-four-char-constants -Wno-conversion -Wno-constant-conversion -Wno-int-conversion -Wno-bool-conversion -Wno-enum-conversion -Wno-float-conversion -Wno-non-literal-null-conversion -Wno-objc-literal-conversion -Wno-shorten-64-to-32 -Wpointer-sign -Wno-newline-eof -DCMAKE_INTDIR=\"Debug\" -isysroot /Applications/Xcode.app/Contents/Developer/Platforms/MacOSX.platform/Developer/SDKs/MacOSX10.14.sdk -fasm-blocks -fstrict-aliasing -Wdeprecated-declarations -mmacosx-version-min=10.14 -g -Wno-sign-conversion -Wno-infinite-recursion -Wno-comma -Wno-block-capture-autoreleasing -Wno-strict-prototypes -Wno-semicolon-before-method-body -I/Users/mac/Documents/GitHub/MacLearn/Source/opencv-3.4.6/BuildXcode/CMakeFiles/CMakeTmp/Debug/include -I/Users/mac/Documents/GitHub/MacLearn/Source/opencv-3.4.6/BuildXcode/CMakeFiles/CMakeTmp/CMAKE_TRY_COMPILE.build/Debug/cmTC_c330d.build/DerivedSources-normal/x86_64 -I/Users/mac/Documents/GitHub/MacLearn/Source/opencv-3.4.6/BuildXcode/CMakeFiles/CMakeTmp/CMAKE_TRY_COMPILE.build/Debug/cmTC_c330d.build/DerivedSources/x86_64 -I/Users/mac/Documents/GitHub/MacLearn/Source/opencv-3.4.6/BuildXcode/CMakeFiles/CMakeTmp/CMAKE_TRY_COMPILE.build/Debug/cmTC_c330d.build/DerivedSources -Wmost -Wno-four-char-constants -Wno-unknown-pragmas -F/Users/mac/Documents/GitHub/MacLearn/Source/opencv-3.4.6/BuildXcode/CMakeFiles/CMakeTmp/Debug -fsigned-char -W -Wall -Werror=return-type -Werror=non-virtual-dtor -Werror=address -Werror=sequence-point -Wformat -Werror=format-security -Wmissing-declarations -Wmissing-prototypes -Wstrict-prototypes -Wundef -Winit-self -Wpointer-arith -Wshadow -Wsign-promo -Wuninitialized -Winit-self -Wno-delete-non-virtual-dtor -Wno-unnamed-type-template-args -Wno-comment -fdiagnostics-show-option -Wno-long-long -Qunused-arguments -Wno-semicolon-before-method-body -ffunction-sections -fdata-sections -fvisibility=hidden -fvisibility-inlines-hidden -fPIE -MMD -MT dependencies -MF /Users/mac/Documents/GitHub/MacLearn/Source/opencv-3.4.6/BuildXcode/CMakeFiles/CMakeTmp/CMAKE_TRY_COMPILE.build/Debug/cmTC_c330d.build/Objects-normal/x86_64/int32.d --serialize-diagnostics /Users/mac/Documents/GitHub/MacLearn/Source/opencv-3.4.6/BuildXcode/CMakeFiles/CMakeTmp/CMAKE_TRY_COMPILE.build/Debug/cmTC_c330d.build/Objects-normal/x86_64/int32.dia -c /Users/mac/Documents/GitHub/MacLearn/Source/opencv-3.4.6/BuildXcode/CMakeFiles/CheckTypeSize/int32.c -o /Users/mac/Documents/GitHub/MacLearn/Source/opencv-3.4.6/BuildXcode/CMakeFiles/CMakeTmp/CMAKE_TRY_COMPILE.build/Debug/cmTC_c330d.build/Objects-normal/x86_64/int32.o
/Users/mac/Documents/GitHub/MacLearn/Source/opencv-3.4.6/BuildXcode/CMakeFiles/CheckTypeSize/int32.c:25:12: error: use of undeclared identifier 'INT32'
  ('0' + ((SIZE / 10000)%10)),
           ^
/Users/mac/Documents/GitHub/MacLearn/Source/opencv-3.4.6/BuildXcode/CMakeFiles/CheckTypeSize/int32.c:23:22: note: expanded from macro 'SIZE'
#define SIZE (sizeof(INT32))
                     ^
/Users/mac/Documents/GitHub/MacLearn/Source/opencv-3.4.6/BuildXcode/CMakeFiles/CheckTypeSize/int32.c:26:12: error: use of undeclared identifier 'INT32'
  ('0' + ((SIZE / 1000)%10)),
           ^
/Users/mac/Documents/GitHub/MacLearn/Source/opencv-3.4.6/BuildXcode/CMakeFiles/CheckTypeSize/int32.c:23:22: note: expanded from macro 'SIZE'
#define SIZE (sizeof(INT32))
                     ^
/Users/mac/Documents/GitHub/MacLearn/Source/opencv-3.4.6/BuildXcode/CMakeFiles/CheckTypeSize/int32.c:27:12: error: use of undeclared identifier 'INT32'
  ('0' + ((SIZE / 100)%10)),
           ^
/Users/mac/Documents/GitHub/MacLearn/Source/opencv-3.4.6/BuildXcode/CMakeFiles/CheckTypeSize/int32.c:23:22: note: expanded from macro 'SIZE'
#define SIZE (sizeof(INT32))
                     ^
/Users/mac/Documents/GitHub/MacLearn/Source/opencv-3.4.6/BuildXcode/CMakeFiles/CheckTypeSize/int32.c:28:12: error: use of undeclared identifier 'INT32'
  ('0' + ((SIZE / 10)%10)),
           ^
/Users/mac/Documents/GitHub/MacLearn/Source/opencv-3.4.6/BuildXcode/CMakeFiles/CheckTypeSize/int32.c:23:22: note: expanded from macro 'SIZE'
#define SIZE (sizeof(INT32))
                     ^
/Users/mac/Documents/GitHub/MacLearn/Source/opencv-3.4.6/BuildXcode/CMakeFiles/CheckTypeSize/int32.c:29:12: error: use of undeclared identifier 'INT32'
  ('0' +  (SIZE    % 10)),
           ^
/Users/mac/Documents/GitHub/MacLearn/Source/opencv-3.4.6/BuildXcode/CMakeFiles/CheckTypeSize/int32.c:23:22: note: expanded from macro 'SIZE'
#define SIZE (sizeof(INT32))
                     ^
5 errors generated.

** BUILD FAILED **


The following build commands failed:
	CompileC CMAKE_TRY_COMPILE.build/Debug/cmTC_c330d.build/Objects-normal/x86_64/int32.o /Users/mac/Documents/GitHub/MacLearn/Source/opencv-3.4.6/BuildXcode/CMakeFiles/CheckTypeSize/int32.c normal x86_64 c com.apple.compilers.llvm.clang.1_0.compiler
(1 failure)

/Users/mac/Documents/GitHub/MacLearn/Source/opencv-3.4.6/BuildXcode/CMakeFiles/CheckTypeSize/int32.c:
#include <sys/types.h>
#include <stdint.h>
#include <stddef.h>


#undef KEY
#if defined(__i386)
# define KEY '_','_','i','3','8','6'
#elif defined(__x86_64)
# define KEY '_','_','x','8','6','_','6','4'
#elif defined(__ppc__)
# define KEY '_','_','p','p','c','_','_'
#elif defined(__ppc64__)
# define KEY '_','_','p','p','c','6','4','_','_'
#elif defined(__aarch64__)
# define KEY '_','_','a','a','r','c','h','6','4','_','_'
#elif defined(__ARM_ARCH_7A__)
# define KEY '_','_','A','R','M','_','A','R','C','H','_','7','A','_','_'
#elif defined(__ARM_ARCH_7S__)
# define KEY '_','_','A','R','M','_','A','R','C','H','_','7','S','_','_'
#endif

#define SIZE (sizeof(INT32))
char info_size[] =  {'I', 'N', 'F', 'O', ':', 's','i','z','e','[',
  ('0' + ((SIZE / 10000)%10)),
  ('0' + ((SIZE / 1000)%10)),
  ('0' + ((SIZE / 100)%10)),
  ('0' + ((SIZE / 10)%10)),
  ('0' +  (SIZE    % 10)),
  ']',
#ifdef KEY
  ' ','k','e','y','[', KEY, ']',
#endif
  '\0'};

#ifdef __CLASSIC_C__
int main(argc, argv) int argc; char *argv[];
#else
int main(int argc, char *argv[])
#endif
{
  int require = 0;
  require += info_size[argc];
  (void)argv;
  return require;
}


Build output check failed:
    Regex: 'unknown .*option'
    Output line: 'warning: unknown warning option '-Wno-unused-but-set-variable', did you mean '-Wno-unused-const-variable'? [-Wunknown-warning-option]'
Compilation failed:
    source file: '/Users/mac/Documents/GitHub/MacLearn/Source/opencv-3.4.6/BuildXcode/CMakeFiles/CMakeTmp/src.c'
    check option: ' -Wno-unused-but-set-variable'
===== BUILD LOG =====
Change Dir: /Users/mac/Documents/GitHub/MacLearn/Source/opencv-3.4.6/BuildXcode/CMakeFiles/CMakeTmp

Run Build Command(s):/usr/bin/xcodebuild -project CMAKE_TRY_COMPILE.xcodeproj build -target cmTC_881c3 -configuration Debug -hideShellScriptEnvironment 
User defaults from command line:
    HideShellScriptEnvironment = YES

Prepare build
note: Using legacy build system

=== BUILD TARGET cmTC_881c3 OF PROJECT CMAKE_TRY_COMPILE WITH CONFIGURATION Debug ===

Check dependencies

Write auxiliary files
/bin/mkdir -p /Users/mac/Documents/GitHub/MacLearn/Source/opencv-3.4.6/BuildXcode/CMakeFiles/CMakeTmp/CMAKE_TRY_COMPILE.build/Debug/cmTC_881c3.build/Objects-normal/x86_64
write-file /Users/mac/Documents/GitHub/MacLearn/Source/opencv-3.4.6/BuildXcode/CMakeFiles/CMakeTmp/CMAKE_TRY_COMPILE.build/Debug/cmTC_881c3.build/Objects-normal/x86_64/cmTC_881c3.LinkFileList

CompileC CMAKE_TRY_COMPILE.build/Debug/cmTC_881c3.build/Objects-normal/x86_64/src.o src.c normal x86_64 c com.apple.compilers.llvm.clang.1_0.compiler
    cd /Users/mac/Documents/GitHub/MacLearn/Source/opencv-3.4.6/BuildXcode/CMakeFiles/CMakeTmp
    /Applications/Xcode.app/Contents/Developer/Toolchains/XcodeDefault.xctoolchain/usr/bin/clang -x c -arch x86_64 -fmessage-length=0 -fdiagnostics-show-note-include-stack -fmacro-backtrace-limit=0 -Wno-trigraphs -fpascal-strings -O0 -Wno-missing-field-initializers -Wno-missing-prototypes -Wno-return-type -Wno-missing-braces -Wparentheses -Wswitch -Wno-unused-function -Wno-unused-label -Wno-unused-parameter -Wno-unused-variable -Wunused-value -Wno-empty-body -Wno-uninitialized -Wno-unknown-pragmas -Wno-shadow -Wno-four-char-constants -Wno-conversion -Wno-constant-conversion -Wno-int-conversion -Wno-bool-conversion -Wno-enum-conversion -Wno-float-conversion -Wno-non-literal-null-conversion -Wno-objc-literal-conversion -Wno-shorten-64-to-32 -Wpointer-sign -Wno-newline-eof -DCMAKE_INTDIR=\"Debug\" -isysroot /Applications/Xcode.app/Contents/Developer/Platforms/MacOSX.platform/Developer/SDKs/MacOSX10.14.sdk -fasm-blocks -fstrict-aliasing -Wdeprecated-declarations -mmacosx-version-min=10.14 -g -Wno-sign-conversion -Wno-infinite-recursion -Wno-comma -Wno-block-capture-autoreleasing -Wno-strict-prototypes -Wno-semicolon-before-method-body -I/Users/mac/Documents/GitHub/MacLearn/Source/opencv-3.4.6/BuildXcode/CMakeFiles/CMakeTmp/Debug/include -I/Users/mac/Documents/GitHub/MacLearn/Source/opencv-3.4.6/BuildXcode/CMakeFiles/CMakeTmp/CMAKE_TRY_COMPILE.build/Debug/cmTC_881c3.build/DerivedSources-normal/x86_64 -I/Users/mac/Documents/GitHub/MacLearn/Source/opencv-3.4.6/BuildXcode/CMakeFiles/CMakeTmp/CMAKE_TRY_COMPILE.build/Debug/cmTC_881c3.build/DerivedSources/x86_64 -I/Users/mac/Documents/GitHub/MacLearn/Source/opencv-3.4.6/BuildXcode/CMakeFiles/CMakeTmp/CMAKE_TRY_COMPILE.build/Debug/cmTC_881c3.build/DerivedSources -Wmost -Wno-four-char-constants -Wno-unknown-pragmas -F/Users/mac/Documents/GitHub/MacLearn/Source/opencv-3.4.6/BuildXcode/CMakeFiles/CMakeTmp/Debug -fsigned-char -W -Wall -Werror=return-type -Werror=non-virtual-dtor -Werror=address -Werror=sequence-point -Wformat -Werror=format-security -Wmissing-declarations -Wmissing-prototypes -Wstrict-prototypes -Wundef -Winit-self -Wpointer-arith -Wshadow -Wsign-promo -Wuninitialized -Winit-self -Wno-delete-non-virtual-dtor -Wno-unnamed-type-template-args -Wno-comment -fdiagnostics-show-option -Wno-long-long -Qunused-arguments -Wno-semicolon-before-method-body -ffunction-sections -fdata-sections -fvisibility=hidden -fvisibility-inlines-hidden -fPIE -Wno-unused-but-set-variable -MMD -MT dependencies -MF /Users/mac/Documents/GitHub/MacLearn/Source/opencv-3.4.6/BuildXcode/CMakeFiles/CMakeTmp/CMAKE_TRY_COMPILE.build/Debug/cmTC_881c3.build/Objects-normal/x86_64/src.d --serialize-diagnostics /Users/mac/Documents/GitHub/MacLearn/Source/opencv-3.4.6/BuildXcode/CMakeFiles/CMakeTmp/CMAKE_TRY_COMPILE.build/Debug/cmTC_881c3.build/Objects-normal/x86_64/src.dia -c /Users/mac/Documents/GitHub/MacLearn/Source/opencv-3.4.6/BuildXcode/CMakeFiles/CMakeTmp/src.c -o /Users/mac/Documents/GitHub/MacLearn/Source/opencv-3.4.6/BuildXcode/CMakeFiles/CMakeTmp/CMAKE_TRY_COMPILE.build/Debug/cmTC_881c3.build/Objects-normal/x86_64/src.o
warning: unknown warning option '-Wno-unused-but-set-variable'; did you mean '-Wno-unused-const-variable'? [-Wunknown-warning-option]
/Users/mac/Documents/GitHub/MacLearn/Source/opencv-3.4.6/BuildXcode/CMakeFiles/CMakeTmp/src.c:1:8: warning: unknown pragma ignored [-Wunknown-pragmas]
#pragma
       ^
2 warnings generated.

Ld Debug/cmTC_881c3 normal x86_64
    cd /Users/mac/Documents/GitHub/MacLearn/Source/opencv-3.4.6/BuildXcode/CMakeFiles/CMakeTmp
    /Applications/Xcode.app/Contents/Developer/Toolchains/XcodeDefault.xctoolchain/usr/bin/clang -arch x86_64 -isysroot /Applications/Xcode.app/Contents/Developer/Platforms/MacOSX.platform/Developer/SDKs/MacOSX10.14.sdk -L/Users/mac/Documents/GitHub/MacLearn/Source/opencv-3.4.6/BuildXcode/CMakeFiles/CMakeTmp/Debug -F/Users/mac/Documents/GitHub/MacLearn/Source/opencv-3.4.6/BuildXcode/CMakeFiles/CMakeTmp/Debug -filelist /Users/mac/Documents/GitHub/MacLearn/Source/opencv-3.4.6/BuildXcode/CMakeFiles/CMakeTmp/CMAKE_TRY_COMPILE.build/Debug/cmTC_881c3.build/Objects-normal/x86_64/cmTC_881c3.LinkFileList -mmacosx-version-min=10.14 -Xlinker -object_path_lto -Xlinker /Users/mac/Documents/GitHub/MacLearn/Source/opencv-3.4.6/BuildXcode/CMakeFiles/CMakeTmp/CMAKE_TRY_COMPILE.build/Debug/cmTC_881c3.build/Objects-normal/x86_64/cmTC_881c3_lto.o -Xlinker -no_deduplicate -Wl,-dead_strip -Wl,-search_paths_first -Wl,-headerpad_max_install_names -Xlinker -dependency_info -Xlinker /Users/mac/Documents/GitHub/MacLearn/Source/opencv-3.4.6/BuildXcode/CMakeFiles/CMakeTmp/CMAKE_TRY_COMPILE.build/Debug/cmTC_881c3.build/Objects-normal/x86_64/cmTC_881c3_dependency_info.dat -o /Users/mac/Documents/GitHub/MacLearn/Source/opencv-3.4.6/BuildXcode/CMakeFiles/CMakeTmp/Debug/cmTC_881c3

** BUILD SUCCEEDED **


===== END =====

Build output check failed:
    Regex: 'unknown .*option'
    Output line: 'warning: unknown warning option '-Wno-maybe-uninitialized', did you mean '-Wno-uninitialized'? [-Wunknown-warning-option]'
Compilation failed:
    source file: '/Users/mac/Documents/GitHub/MacLearn/Source/opencv-3.4.6/BuildXcode/CMakeFiles/CMakeTmp/src.c'
    check option: ' -Wno-maybe-uninitialized'
===== BUILD LOG =====
Change Dir: /Users/mac/Documents/GitHub/MacLearn/Source/opencv-3.4.6/BuildXcode/CMakeFiles/CMakeTmp

Run Build Command(s):/usr/bin/xcodebuild -project CMAKE_TRY_COMPILE.xcodeproj build -target cmTC_a9dda -configuration Debug -hideShellScriptEnvironment 
User defaults from command line:
    HideShellScriptEnvironment = YES

Prepare build
note: Using legacy build system

=== BUILD TARGET cmTC_a9dda OF PROJECT CMAKE_TRY_COMPILE WITH CONFIGURATION Debug ===

Check dependencies

Write auxiliary files
/bin/mkdir -p /Users/mac/Documents/GitHub/MacLearn/Source/opencv-3.4.6/BuildXcode/CMakeFiles/CMakeTmp/CMAKE_TRY_COMPILE.build/Debug/cmTC_a9dda.build/Objects-normal/x86_64
write-file /Users/mac/Documents/GitHub/MacLearn/Source/opencv-3.4.6/BuildXcode/CMakeFiles/CMakeTmp/CMAKE_TRY_COMPILE.build/Debug/cmTC_a9dda.build/Objects-normal/x86_64/cmTC_a9dda.LinkFileList

CompileC CMAKE_TRY_COMPILE.build/Debug/cmTC_a9dda.build/Objects-normal/x86_64/src.o src.c normal x86_64 c com.apple.compilers.llvm.clang.1_0.compiler
    cd /Users/mac/Documents/GitHub/MacLearn/Source/opencv-3.4.6/BuildXcode/CMakeFiles/CMakeTmp
    /Applications/Xcode.app/Contents/Developer/Toolchains/XcodeDefault.xctoolchain/usr/bin/clang -x c -arch x86_64 -fmessage-length=0 -fdiagnostics-show-note-include-stack -fmacro-backtrace-limit=0 -Wno-trigraphs -fpascal-strings -O0 -Wno-missing-field-initializers -Wno-missing-prototypes -Wno-return-type -Wno-missing-braces -Wparentheses -Wswitch -Wno-unused-function -Wno-unused-label -Wno-unused-parameter -Wno-unused-variable -Wunused-value -Wno-empty-body -Wno-uninitialized -Wno-unknown-pragmas -Wno-shadow -Wno-four-char-constants -Wno-conversion -Wno-constant-conversion -Wno-int-conversion -Wno-bool-conversion -Wno-enum-conversion -Wno-float-conversion -Wno-non-literal-null-conversion -Wno-objc-literal-conversion -Wno-shorten-64-to-32 -Wpointer-sign -Wno-newline-eof -DCMAKE_INTDIR=\"Debug\" -isysroot /Applications/Xcode.app/Contents/Developer/Platforms/MacOSX.platform/Developer/SDKs/MacOSX10.14.sdk -fasm-blocks -fstrict-aliasing -Wdeprecated-declarations -mmacosx-version-min=10.14 -g -Wno-sign-conversion -Wno-infinite-recursion -Wno-comma -Wno-block-capture-autoreleasing -Wno-strict-prototypes -Wno-semicolon-before-method-body -I/Users/mac/Documents/GitHub/MacLearn/Source/opencv-3.4.6/BuildXcode/CMakeFiles/CMakeTmp/Debug/include -I/Users/mac/Documents/GitHub/MacLearn/Source/opencv-3.4.6/BuildXcode/CMakeFiles/CMakeTmp/CMAKE_TRY_COMPILE.build/Debug/cmTC_a9dda.build/DerivedSources-normal/x86_64 -I/Users/mac/Documents/GitHub/MacLearn/Source/opencv-3.4.6/BuildXcode/CMakeFiles/CMakeTmp/CMAKE_TRY_COMPILE.build/Debug/cmTC_a9dda.build/DerivedSources/x86_64 -I/Users/mac/Documents/GitHub/MacLearn/Source/opencv-3.4.6/BuildXcode/CMakeFiles/CMakeTmp/CMAKE_TRY_COMPILE.build/Debug/cmTC_a9dda.build/DerivedSources -Wmost -Wno-four-char-constants -Wno-unknown-pragmas -F/Users/mac/Documents/GitHub/MacLearn/Source/opencv-3.4.6/BuildXcode/CMakeFiles/CMakeTmp/Debug -fsigned-char -W -Wall -Werror=return-type -Werror=non-virtual-dtor -Werror=address -Werror=sequence-point -Wformat -Werror=format-security -Wstrict-prototypes -Winit-self -Wpointer-arith -Wsign-promo -Wuninitialized -Winit-self -Wno-delete-non-virtual-dtor -Wno-unnamed-type-template-args -Wno-comment -fdiagnostics-show-option -Wno-long-long -Qunused-arguments -Wno-semicolon-before-method-body -ffunction-sections -fdata-sections -fvisibility=hidden -fvisibility-inlines-hidden -Wno-missing-prototypes -Wno-missing-declarations -Wno-undef -Wno-unused -Wno-sign-compare -Wno-cast-align -Wno-shadow -fPIE -Wno-maybe-uninitialized -MMD -MT dependencies -MF /Users/mac/Documents/GitHub/MacLearn/Source/opencv-3.4.6/BuildXcode/CMakeFiles/CMakeTmp/CMAKE_TRY_COMPILE.build/Debug/cmTC_a9dda.build/Objects-normal/x86_64/src.d --serialize-diagnostics /Users/mac/Documents/GitHub/MacLearn/Source/opencv-3.4.6/BuildXcode/CMakeFiles/CMakeTmp/CMAKE_TRY_COMPILE.build/Debug/cmTC_a9dda.build/Objects-normal/x86_64/src.dia -c /Users/mac/Documents/GitHub/MacLearn/Source/opencv-3.4.6/BuildXcode/CMakeFiles/CMakeTmp/src.c -o /Users/mac/Documents/GitHub/MacLearn/Source/opencv-3.4.6/BuildXcode/CMakeFiles/CMakeTmp/CMAKE_TRY_COMPILE.build/Debug/cmTC_a9dda.build/Objects-normal/x86_64/src.o
warning: unknown warning option '-Wno-maybe-uninitialized'; did you mean '-Wno-uninitialized'? [-Wunknown-warning-option]
/Users/mac/Documents/GitHub/MacLearn/Source/opencv-3.4.6/BuildXcode/CMakeFiles/CMakeTmp/src.c:1:8: warning: unknown pragma ignored [-Wunknown-pragmas]
#pragma
       ^
2 warnings generated.

Ld Debug/cmTC_a9dda normal x86_64
    cd /Users/mac/Documents/GitHub/MacLearn/Source/opencv-3.4.6/BuildXcode/CMakeFiles/CMakeTmp
    /Applications/Xcode.app/Contents/Developer/Toolchains/XcodeDefault.xctoolchain/usr/bin/clang -arch x86_64 -isysroot /Applications/Xcode.app/Contents/Developer/Platforms/MacOSX.platform/Developer/SDKs/MacOSX10.14.sdk -L/Users/mac/Documents/GitHub/MacLearn/Source/opencv-3.4.6/BuildXcode/CMakeFiles/CMakeTmp/Debug -F/Users/mac/Documents/GitHub/MacLearn/Source/opencv-3.4.6/BuildXcode/CMakeFiles/CMakeTmp/Debug -filelist /Users/mac/Documents/GitHub/MacLearn/Source/opencv-3.4.6/BuildXcode/CMakeFiles/CMakeTmp/CMAKE_TRY_COMPILE.build/Debug/cmTC_a9dda.build/Objects-normal/x86_64/cmTC_a9dda.LinkFileList -mmacosx-version-min=10.14 -Xlinker -object_path_lto -Xlinker /Users/mac/Documents/GitHub/MacLearn/Source/opencv-3.4.6/BuildXcode/CMakeFiles/CMakeTmp/CMAKE_TRY_COMPILE.build/Debug/cmTC_a9dda.build/Objects-normal/x86_64/cmTC_a9dda_lto.o -Xlinker -no_deduplicate -Wl,-dead_strip -Wl,-search_paths_first -Wl,-headerpad_max_install_names -Xlinker -dependency_info -Xlinker /Users/mac/Documents/GitHub/MacLearn/Source/opencv-3.4.6/BuildXcode/CMakeFiles/CMakeTmp/CMAKE_TRY_COMPILE.build/Debug/cmTC_a9dda.build/Objects-normal/x86_64/cmTC_a9dda_dependency_info.dat -o /Users/mac/Documents/GitHub/MacLearn/Source/opencv-3.4.6/BuildXcode/CMakeFiles/CMakeTmp/Debug/cmTC_a9dda

** BUILD SUCCEEDED **


===== END =====

Build output check failed:
    Regex: 'unknown .*option'
    Output line: 'warning: unknown warning option '-Wno-misleading-indentation', did you mean '-Wno-binding-in-condition'? [-Wunknown-warning-option]'
Compilation failed:
    source file: '/Users/mac/Documents/GitHub/MacLearn/Source/opencv-3.4.6/BuildXcode/CMakeFiles/CMakeTmp/src.c'
    check option: ' -Wno-misleading-indentation'
===== BUILD LOG =====
Change Dir: /Users/mac/Documents/GitHub/MacLearn/Source/opencv-3.4.6/BuildXcode/CMakeFiles/CMakeTmp

Run Build Command(s):/usr/bin/xcodebuild -project CMAKE_TRY_COMPILE.xcodeproj build -target cmTC_7395e -configuration Debug -hideShellScriptEnvironment 
User defaults from command line:
    HideShellScriptEnvironment = YES

Prepare build
note: Using legacy build system

=== BUILD TARGET cmTC_7395e OF PROJECT CMAKE_TRY_COMPILE WITH CONFIGURATION Debug ===

Check dependencies

Write auxiliary files
/bin/mkdir -p /Users/mac/Documents/GitHub/MacLearn/Source/opencv-3.4.6/BuildXcode/CMakeFiles/CMakeTmp/CMAKE_TRY_COMPILE.build/Debug/cmTC_7395e.build/Objects-normal/x86_64
write-file /Users/mac/Documents/GitHub/MacLearn/Source/opencv-3.4.6/BuildXcode/CMakeFiles/CMakeTmp/CMAKE_TRY_COMPILE.build/Debug/cmTC_7395e.build/Objects-normal/x86_64/cmTC_7395e.LinkFileList

CompileC CMAKE_TRY_COMPILE.build/Debug/cmTC_7395e.build/Objects-normal/x86_64/src.o src.c normal x86_64 c com.apple.compilers.llvm.clang.1_0.compiler
    cd /Users/mac/Documents/GitHub/MacLearn/Source/opencv-3.4.6/BuildXcode/CMakeFiles/CMakeTmp
    /Applications/Xcode.app/Contents/Developer/Toolchains/XcodeDefault.xctoolchain/usr/bin/clang -x c -arch x86_64 -fmessage-length=0 -fdiagnostics-show-note-include-stack -fmacro-backtrace-limit=0 -Wno-trigraphs -fpascal-strings -O0 -Wno-missing-field-initializers -Wno-missing-prototypes -Wno-return-type -Wno-missing-braces -Wparentheses -Wswitch -Wno-unused-function -Wno-unused-label -Wno-unused-parameter -Wno-unused-variable -Wunused-value -Wno-empty-body -Wno-uninitialized -Wno-unknown-pragmas -Wno-shadow -Wno-four-char-constants -Wno-conversion -Wno-constant-conversion -Wno-int-conversion -Wno-bool-conversion -Wno-enum-conversion -Wno-float-conversion -Wno-non-literal-null-conversion -Wno-objc-literal-conversion -Wno-shorten-64-to-32 -Wpointer-sign -Wno-newline-eof -DCMAKE_INTDIR=\"Debug\" -isysroot /Applications/Xcode.app/Contents/Developer/Platforms/MacOSX.platform/Developer/SDKs/MacOSX10.14.sdk -fasm-blocks -fstrict-aliasing -Wdeprecated-declarations -mmacosx-version-min=10.14 -g -Wno-sign-conversion -Wno-infinite-recursion -Wno-comma -Wno-block-capture-autoreleasing -Wno-strict-prototypes -Wno-semicolon-before-method-body -I/Users/mac/Documents/GitHub/MacLearn/Source/opencv-3.4.6/BuildXcode/CMakeFiles/CMakeTmp/Debug/include -I/Users/mac/Documents/GitHub/MacLearn/Source/opencv-3.4.6/BuildXcode/CMakeFiles/CMakeTmp/CMAKE_TRY_COMPILE.build/Debug/cmTC_7395e.build/DerivedSources-normal/x86_64 -I/Users/mac/Documents/GitHub/MacLearn/Source/opencv-3.4.6/BuildXcode/CMakeFiles/CMakeTmp/CMAKE_TRY_COMPILE.build/Debug/cmTC_7395e.build/DerivedSources/x86_64 -I/Users/mac/Documents/GitHub/MacLearn/Source/opencv-3.4.6/BuildXcode/CMakeFiles/CMakeTmp/CMAKE_TRY_COMPILE.build/Debug/cmTC_7395e.build/DerivedSources -Wmost -Wno-four-char-constants -Wno-unknown-pragmas -F/Users/mac/Documents/GitHub/MacLearn/Source/opencv-3.4.6/BuildXcode/CMakeFiles/CMakeTmp/Debug -fsigned-char -W -Wall -Werror=return-type -Werror=non-virtual-dtor -Werror=address -Werror=sequence-point -Wformat -Werror=format-security -Wstrict-prototypes -Winit-self -Wpointer-arith -Wsign-promo -Wuninitialized -Winit-self -Wno-delete-non-virtual-dtor -Wno-unnamed-type-template-args -Wno-comment -fdiagnostics-show-option -Wno-long-long -Qunused-arguments -Wno-semicolon-before-method-body -ffunction-sections -fdata-sections -fvisibility=hidden -fvisibility-inlines-hidden -Wno-missing-prototypes -Wno-missing-declarations -Wno-undef -Wno-unused -Wno-sign-compare -Wno-cast-align -Wno-shadow -Wno-pointer-to-int-cast -Wno-int-to-pointer-cast -fPIE -Wno-misleading-indentation -MMD -MT dependencies -MF /Users/mac/Documents/GitHub/MacLearn/Source/opencv-3.4.6/BuildXcode/CMakeFiles/CMakeTmp/CMAKE_TRY_COMPILE.build/Debug/cmTC_7395e.build/Objects-normal/x86_64/src.d --serialize-diagnostics /Users/mac/Documents/GitHub/MacLearn/Source/opencv-3.4.6/BuildXcode/CMakeFiles/CMakeTmp/CMAKE_TRY_COMPILE.build/Debug/cmTC_7395e.build/Objects-normal/x86_64/src.dia -c /Users/mac/Documents/GitHub/MacLearn/Source/opencv-3.4.6/BuildXcode/CMakeFiles/CMakeTmp/src.c -o /Users/mac/Documents/GitHub/MacLearn/Source/opencv-3.4.6/BuildXcode/CMakeFiles/CMakeTmp/CMAKE_TRY_COMPILE.build/Debug/cmTC_7395e.build/Objects-normal/x86_64/src.o
warning: unknown warning option '-Wno-misleading-indentation'; did you mean '-Wno-binding-in-condition'? [-Wunknown-warning-option]
/Users/mac/Documents/GitHub/MacLearn/Source/opencv-3.4.6/BuildXcode/CMakeFiles/CMakeTmp/src.c:1:8: warning: unknown pragma ignored [-Wunknown-pragmas]
#pragma
       ^
2 warnings generated.

Ld Debug/cmTC_7395e normal x86_64
    cd /Users/mac/Documents/GitHub/MacLearn/Source/opencv-3.4.6/BuildXcode/CMakeFiles/CMakeTmp
    /Applications/Xcode.app/Contents/Developer/Toolchains/XcodeDefault.xctoolchain/usr/bin/clang -arch x86_64 -isysroot /Applications/Xcode.app/Contents/Developer/Platforms/MacOSX.platform/Developer/SDKs/MacOSX10.14.sdk -L/Users/mac/Documents/GitHub/MacLearn/Source/opencv-3.4.6/BuildXcode/CMakeFiles/CMakeTmp/Debug -F/Users/mac/Documents/GitHub/MacLearn/Source/opencv-3.4.6/BuildXcode/CMakeFiles/CMakeTmp/Debug -filelist /Users/mac/Documents/GitHub/MacLearn/Source/opencv-3.4.6/BuildXcode/CMakeFiles/CMakeTmp/CMAKE_TRY_COMPILE.build/Debug/cmTC_7395e.build/Objects-normal/x86_64/cmTC_7395e.LinkFileList -mmacosx-version-min=10.14 -Xlinker -object_path_lto -Xlinker /Users/mac/Documents/GitHub/MacLearn/Source/opencv-3.4.6/BuildXcode/CMakeFiles/CMakeTmp/CMAKE_TRY_COMPILE.build/Debug/cmTC_7395e.build/Objects-normal/x86_64/cmTC_7395e_lto.o -Xlinker -no_deduplicate -Wl,-dead_strip -Wl,-search_paths_first -Wl,-headerpad_max_install_names -Xlinker -dependency_info -Xlinker /Users/mac/Documents/GitHub/MacLearn/Source/opencv-3.4.6/BuildXcode/CMakeFiles/CMakeTmp/CMAKE_TRY_COMPILE.build/Debug/cmTC_7395e.build/Objects-normal/x86_64/cmTC_7395e_dependency_info.dat -o /Users/mac/Documents/GitHub/MacLearn/Source/opencv-3.4.6/BuildXcode/CMakeFiles/CMakeTmp/Debug/cmTC_7395e

** BUILD SUCCEEDED **


===== END =====

Build output check failed:
    Regex: 'unknown .*option'
    Output line: 'warning: unknown warning option '-Wno-unused-but-set-parameter', did you mean '-Wno-unused-parameter'? [-Wunknown-warning-option]'
Compilation failed:
    source file: '/Users/mac/Documents/GitHub/MacLearn/Source/opencv-3.4.6/BuildXcode/CMakeFiles/CMakeTmp/src.c'
    check option: ' -Wno-unused-but-set-parameter'
===== BUILD LOG =====
Change Dir: /Users/mac/Documents/GitHub/MacLearn/Source/opencv-3.4.6/BuildXcode/CMakeFiles/CMakeTmp

Run Build Command(s):/usr/bin/xcodebuild -project CMAKE_TRY_COMPILE.xcodeproj build -target cmTC_13260 -configuration Debug -hideShellScriptEnvironment 
User defaults from command line:
    HideShellScriptEnvironment = YES

Prepare build
note: Using legacy build system

=== BUILD TARGET cmTC_13260 OF PROJECT CMAKE_TRY_COMPILE WITH CONFIGURATION Debug ===

Check dependencies

Write auxiliary files
/bin/mkdir -p /Users/mac/Documents/GitHub/MacLearn/Source/opencv-3.4.6/BuildXcode/CMakeFiles/CMakeTmp/CMAKE_TRY_COMPILE.build/Debug/cmTC_13260.build/Objects-normal/x86_64
write-file /Users/mac/Documents/GitHub/MacLearn/Source/opencv-3.4.6/BuildXcode/CMakeFiles/CMakeTmp/CMAKE_TRY_COMPILE.build/Debug/cmTC_13260.build/Objects-normal/x86_64/cmTC_13260.LinkFileList

CompileC CMAKE_TRY_COMPILE.build/Debug/cmTC_13260.build/Objects-normal/x86_64/src.o src.c normal x86_64 c com.apple.compilers.llvm.clang.1_0.compiler
    cd /Users/mac/Documents/GitHub/MacLearn/Source/opencv-3.4.6/BuildXcode/CMakeFiles/CMakeTmp
    /Applications/Xcode.app/Contents/Developer/Toolchains/XcodeDefault.xctoolchain/usr/bin/clang -x c -arch x86_64 -fmessage-length=0 -fdiagnostics-show-note-include-stack -fmacro-backtrace-limit=0 -Wno-trigraphs -fpascal-strings -O0 -Wno-missing-field-initializers -Wno-missing-prototypes -Wno-return-type -Wno-missing-braces -Wparentheses -Wswitch -Wno-unused-function -Wno-unused-label -Wno-unused-parameter -Wno-unused-variable -Wunused-value -Wno-empty-body -Wno-uninitialized -Wno-unknown-pragmas -Wno-shadow -Wno-four-char-constants -Wno-conversion -Wno-constant-conversion -Wno-int-conversion -Wno-bool-conversion -Wno-enum-conversion -Wno-float-conversion -Wno-non-literal-null-conversion -Wno-objc-literal-conversion -Wno-shorten-64-to-32 -Wpointer-sign -Wno-newline-eof -DCMAKE_INTDIR=\"Debug\" -isysroot /Applications/Xcode.app/Contents/Developer/Platforms/MacOSX.platform/Developer/SDKs/MacOSX10.14.sdk -fasm-blocks -fstrict-aliasing -Wdeprecated-declarations -mmacosx-version-min=10.14 -g -Wno-sign-conversion -Wno-infinite-recursion -Wno-comma -Wno-block-capture-autoreleasing -Wno-strict-prototypes -Wno-semicolon-before-method-body -I/Users/mac/Documents/GitHub/MacLearn/Source/opencv-3.4.6/BuildXcode/CMakeFiles/CMakeTmp/Debug/include -I/Users/mac/Documents/GitHub/MacLearn/Source/opencv-3.4.6/BuildXcode/CMakeFiles/CMakeTmp/CMAKE_TRY_COMPILE.build/Debug/cmTC_13260.build/DerivedSources-normal/x86_64 -I/Users/mac/Documents/GitHub/MacLearn/Source/opencv-3.4.6/BuildXcode/CMakeFiles/CMakeTmp/CMAKE_TRY_COMPILE.build/Debug/cmTC_13260.build/DerivedSources/x86_64 -I/Users/mac/Documents/GitHub/MacLearn/Source/opencv-3.4.6/BuildXcode/CMakeFiles/CMakeTmp/CMAKE_TRY_COMPILE.build/Debug/cmTC_13260.build/DerivedSources -Wmost -Wno-four-char-constants -Wno-unknown-pragmas -F/Users/mac/Documents/GitHub/MacLearn/Source/opencv-3.4.6/BuildXcode/CMakeFiles/CMakeTmp/Debug -fsigned-char -W -Wall -Werror=return-type -Werror=non-virtual-dtor -Werror=address -Werror=sequence-point -Wformat -Werror=format-security -Wmissing-declarations -Wstrict-prototypes -Wundef -Winit-self -Wpointer-arith -Wshadow -Wsign-promo -Wuninitialized -Winit-self -Wno-delete-non-virtual-dtor -Wno-unnamed-type-template-args -Wno-comment -fdiagnostics-show-option -Wno-long-long -Qunused-arguments -Wno-semicolon-before-method-body -ffunction-sections -fdata-sections -fvisibility=hidden -fvisibility-inlines-hidden -Wno-implicit-function-declaration -Wno-uninitialized -Wno-missing-prototypes -fPIE -Wno-unused-but-set-parameter -MMD -MT dependencies -MF /Users/mac/Documents/GitHub/MacLearn/Source/opencv-3.4.6/BuildXcode/CMakeFiles/CMakeTmp/CMAKE_TRY_COMPILE.build/Debug/cmTC_13260.build/Objects-normal/x86_64/src.d --serialize-diagnostics /Users/mac/Documents/GitHub/MacLearn/Source/opencv-3.4.6/BuildXcode/CMakeFiles/CMakeTmp/CMAKE_TRY_COMPILE.build/Debug/cmTC_13260.build/Objects-normal/x86_64/src.dia -c /Users/mac/Documents/GitHub/MacLearn/Source/opencv-3.4.6/BuildXcode/CMakeFiles/CMakeTmp/src.c -o /Users/mac/Documents/GitHub/MacLearn/Source/opencv-3.4.6/BuildXcode/CMakeFiles/CMakeTmp/CMAKE_TRY_COMPILE.build/Debug/cmTC_13260.build/Objects-normal/x86_64/src.o
warning: unknown warning option '-Wno-unused-but-set-parameter'; did you mean '-Wno-unused-parameter'? [-Wunknown-warning-option]
/Users/mac/Documents/GitHub/MacLearn/Source/opencv-3.4.6/BuildXcode/CMakeFiles/CMakeTmp/src.c:1:8: warning: unknown pragma ignored [-Wunknown-pragmas]
#pragma
       ^
2 warnings generated.

Ld Debug/cmTC_13260 normal x86_64
    cd /Users/mac/Documents/GitHub/MacLearn/Source/opencv-3.4.6/BuildXcode/CMakeFiles/CMakeTmp
    /Applications/Xcode.app/Contents/Developer/Toolchains/XcodeDefault.xctoolchain/usr/bin/clang -arch x86_64 -isysroot /Applications/Xcode.app/Contents/Developer/Platforms/MacOSX.platform/Developer/SDKs/MacOSX10.14.sdk -L/Users/mac/Documents/GitHub/MacLearn/Source/opencv-3.4.6/BuildXcode/CMakeFiles/CMakeTmp/Debug -F/Users/mac/Documents/GitHub/MacLearn/Source/opencv-3.4.6/BuildXcode/CMakeFiles/CMakeTmp/Debug -filelist /Users/mac/Documents/GitHub/MacLearn/Source/opencv-3.4.6/BuildXcode/CMakeFiles/CMakeTmp/CMAKE_TRY_COMPILE.build/Debug/cmTC_13260.build/Objects-normal/x86_64/cmTC_13260.LinkFileList -mmacosx-version-min=10.14 -Xlinker -object_path_lto -Xlinker /Users/mac/Documents/GitHub/MacLearn/Source/opencv-3.4.6/BuildXcode/CMakeFiles/CMakeTmp/CMAKE_TRY_COMPILE.build/Debug/cmTC_13260.build/Objects-normal/x86_64/cmTC_13260_lto.o -Xlinker -no_deduplicate -Wl,-dead_strip -Wl,-search_paths_first -Wl,-headerpad_max_install_names -Xlinker -dependency_info -Xlinker /Users/mac/Documents/GitHub/MacLearn/Source/opencv-3.4.6/BuildXcode/CMakeFiles/CMakeTmp/CMAKE_TRY_COMPILE.build/Debug/cmTC_13260.build/Objects-normal/x86_64/cmTC_13260_dependency_info.dat -o /Users/mac/Documents/GitHub/MacLearn/Source/opencv-3.4.6/BuildXcode/CMakeFiles/CMakeTmp/Debug/cmTC_13260

** BUILD SUCCEEDED **


===== END =====

Build output check failed:
    Regex: 'unknown .*option'
    Output line: 'warning: unknown warning option '-Wno-pointer-compare' [-Wunknown-warning-option]'
Compilation failed:
    source file: '/Users/mac/Documents/GitHub/MacLearn/Source/opencv-3.4.6/BuildXcode/CMakeFiles/CMakeTmp/src.c'
    check option: ' -Wno-pointer-compare'
===== BUILD LOG =====
Change Dir: /Users/mac/Documents/GitHub/MacLearn/Source/opencv-3.4.6/BuildXcode/CMakeFiles/CMakeTmp

Run Build Command(s):/usr/bin/xcodebuild -project CMAKE_TRY_COMPILE.xcodeproj build -target cmTC_0e963 -configuration Debug -hideShellScriptEnvironment 
User defaults from command line:
    HideShellScriptEnvironment = YES

Prepare build
note: Using legacy build system

=== BUILD TARGET cmTC_0e963 OF PROJECT CMAKE_TRY_COMPILE WITH CONFIGURATION Debug ===

Check dependencies

Write auxiliary files
/bin/mkdir -p /Users/mac/Documents/GitHub/MacLearn/Source/opencv-3.4.6/BuildXcode/CMakeFiles/CMakeTmp/CMAKE_TRY_COMPILE.build/Debug/cmTC_0e963.build/Objects-normal/x86_64
write-file /Users/mac/Documents/GitHub/MacLearn/Source/opencv-3.4.6/BuildXcode/CMakeFiles/CMakeTmp/CMAKE_TRY_COMPILE.build/Debug/cmTC_0e963.build/Objects-normal/x86_64/cmTC_0e963.LinkFileList

CompileC CMAKE_TRY_COMPILE.build/Debug/cmTC_0e963.build/Objects-normal/x86_64/src.o src.c normal x86_64 c com.apple.compilers.llvm.clang.1_0.compiler
    cd /Users/mac/Documents/GitHub/MacLearn/Source/opencv-3.4.6/BuildXcode/CMakeFiles/CMakeTmp
    /Applications/Xcode.app/Contents/Developer/Toolchains/XcodeDefault.xctoolchain/usr/bin/clang -x c -arch x86_64 -fmessage-length=0 -fdiagnostics-show-note-include-stack -fmacro-backtrace-limit=0 -Wno-trigraphs -fpascal-strings -O0 -Wno-missing-field-initializers -Wno-missing-prototypes -Wno-return-type -Wno-missing-braces -Wparentheses -Wswitch -Wno-unused-function -Wno-unused-label -Wno-unused-parameter -Wno-unused-variable -Wunused-value -Wno-empty-body -Wno-uninitialized -Wno-unknown-pragmas -Wno-shadow -Wno-four-char-constants -Wno-conversion -Wno-constant-conversion -Wno-int-conversion -Wno-bool-conversion -Wno-enum-conversion -Wno-float-conversion -Wno-non-literal-null-conversion -Wno-objc-literal-conversion -Wno-shorten-64-to-32 -Wpointer-sign -Wno-newline-eof -DCMAKE_INTDIR=\"Debug\" -isysroot /Applications/Xcode.app/Contents/Developer/Platforms/MacOSX.platform/Developer/SDKs/MacOSX10.14.sdk -fasm-blocks -fstrict-aliasing -Wdeprecated-declarations -mmacosx-version-min=10.14 -g -Wno-sign-conversion -Wno-infinite-recursion -Wno-comma -Wno-block-capture-autoreleasing -Wno-strict-prototypes -Wno-semicolon-before-method-body -I/Users/mac/Documents/GitHub/MacLearn/Source/opencv-3.4.6/BuildXcode/CMakeFiles/CMakeTmp/Debug/include -I/Users/mac/Documents/GitHub/MacLearn/Source/opencv-3.4.6/BuildXcode/CMakeFiles/CMakeTmp/CMAKE_TRY_COMPILE.build/Debug/cmTC_0e963.build/DerivedSources-normal/x86_64 -I/Users/mac/Documents/GitHub/MacLearn/Source/opencv-3.4.6/BuildXcode/CMakeFiles/CMakeTmp/CMAKE_TRY_COMPILE.build/Debug/cmTC_0e963.build/DerivedSources/x86_64 -I/Users/mac/Documents/GitHub/MacLearn/Source/opencv-3.4.6/BuildXcode/CMakeFiles/CMakeTmp/CMAKE_TRY_COMPILE.build/Debug/cmTC_0e963.build/DerivedSources -Wmost -Wno-four-char-constants -Wno-unknown-pragmas -F/Users/mac/Documents/GitHub/MacLearn/Source/opencv-3.4.6/BuildXcode/CMakeFiles/CMakeTmp/Debug -fsigned-char -W -Wall -Werror=return-type -Werror=non-virtual-dtor -Werror=address -Werror=sequence-point -Wformat -Werror=format-security -Wstrict-prototypes -Wundef -Winit-self -Wpointer-arith -Wsign-promo -Wuninitialized -Winit-self -Wno-delete-non-virtual-dtor -Wno-unnamed-type-template-args -Wno-comment -fdiagnostics-show-option -Wno-long-long -Qunused-arguments -Wno-semicolon-before-method-body -ffunction-sections -fdata-sections -fvisibility=hidden -fvisibility-inlines-hidden -Wno-implicit-function-declaration -Wno-uninitialized -Wno-missing-prototypes -Wno-missing-declarations -Wno-unused -Wno-shadow -Wno-sign-compare -Wno-strict-overflow -fPIE -Wno-pointer-compare -MMD -MT dependencies -MF /Users/mac/Documents/GitHub/MacLearn/Source/opencv-3.4.6/BuildXcode/CMakeFiles/CMakeTmp/CMAKE_TRY_COMPILE.build/Debug/cmTC_0e963.build/Objects-normal/x86_64/src.d --serialize-diagnostics /Users/mac/Documents/GitHub/MacLearn/Source/opencv-3.4.6/BuildXcode/CMakeFiles/CMakeTmp/CMAKE_TRY_COMPILE.build/Debug/cmTC_0e963.build/Objects-normal/x86_64/src.dia -c /Users/mac/Documents/GitHub/MacLearn/Source/opencv-3.4.6/BuildXcode/CMakeFiles/CMakeTmp/src.c -o /Users/mac/Documents/GitHub/MacLearn/Source/opencv-3.4.6/BuildXcode/CMakeFiles/CMakeTmp/CMAKE_TRY_COMPILE.build/Debug/cmTC_0e963.build/Objects-normal/x86_64/src.o
warning: unknown warning option '-Wno-pointer-compare' [-Wunknown-warning-option]
/Users/mac/Documents/GitHub/MacLearn/Source/opencv-3.4.6/BuildXcode/CMakeFiles/CMakeTmp/src.c:1:8: warning: unknown pragma ignored [-Wunknown-pragmas]
#pragma
       ^
2 warnings generated.

Ld Debug/cmTC_0e963 normal x86_64
    cd /Users/mac/Documents/GitHub/MacLearn/Source/opencv-3.4.6/BuildXcode/CMakeFiles/CMakeTmp
    /Applications/Xcode.app/Contents/Developer/Toolchains/XcodeDefault.xctoolchain/usr/bin/clang -arch x86_64 -isysroot /Applications/Xcode.app/Contents/Developer/Platforms/MacOSX.platform/Developer/SDKs/MacOSX10.14.sdk -L/Users/mac/Documents/GitHub/MacLearn/Source/opencv-3.4.6/BuildXcode/CMakeFiles/CMakeTmp/Debug -F/Users/mac/Documents/GitHub/MacLearn/Source/opencv-3.4.6/BuildXcode/CMakeFiles/CMakeTmp/Debug -filelist /Users/mac/Documents/GitHub/MacLearn/Source/opencv-3.4.6/BuildXcode/CMakeFiles/CMakeTmp/CMAKE_TRY_COMPILE.build/Debug/cmTC_0e963.build/Objects-normal/x86_64/cmTC_0e963.LinkFileList -mmacosx-version-min=10.14 -Xlinker -object_path_lto -Xlinker /Users/mac/Documents/GitHub/MacLearn/Source/opencv-3.4.6/BuildXcode/CMakeFiles/CMakeTmp/CMAKE_TRY_COMPILE.build/Debug/cmTC_0e963.build/Objects-normal/x86_64/cmTC_0e963_lto.o -Xlinker -no_deduplicate -Wl,-dead_strip -Wl,-search_paths_first -Wl,-headerpad_max_install_names -Xlinker -dependency_info -Xlinker /Users/mac/Documents/GitHub/MacLearn/Source/opencv-3.4.6/BuildXcode/CMakeFiles/CMakeTmp/CMAKE_TRY_COMPILE.build/Debug/cmTC_0e963.build/Objects-normal/x86_64/cmTC_0e963_dependency_info.dat -o /Users/mac/Documents/GitHub/MacLearn/Source/opencv-3.4.6/BuildXcode/CMakeFiles/CMakeTmp/Debug/cmTC_0e963

** BUILD SUCCEEDED **


===== END =====

Build output check failed:
    Regex: 'unknown .*option'
    Output line: 'warning: unknown warning option '-Wno-misleading-indentation', did you mean '-Wno-binding-in-condition'? [-Wunknown-warning-option]'
Compilation failed:
    source file: '/Users/mac/Documents/GitHub/MacLearn/Source/opencv-3.4.6/BuildXcode/CMakeFiles/CMakeTmp/src.cxx'
    check option: ' -Wno-misleading-indentation'
===== BUILD LOG =====
Change Dir: /Users/mac/Documents/GitHub/MacLearn/Source/opencv-3.4.6/BuildXcode/CMakeFiles/CMakeTmp

Run Build Command(s):/usr/bin/xcodebuild -project CMAKE_TRY_COMPILE.xcodeproj build -target cmTC_1a7fe -configuration Debug -hideShellScriptEnvironment 
User defaults from command line:
    HideShellScriptEnvironment = YES

Prepare build
note: Using legacy build system

=== BUILD TARGET cmTC_1a7fe OF PROJECT CMAKE_TRY_COMPILE WITH CONFIGURATION Debug ===

Check dependencies

Write auxiliary files
/bin/mkdir -p /Users/mac/Documents/GitHub/MacLearn/Source/opencv-3.4.6/BuildXcode/CMakeFiles/CMakeTmp/CMAKE_TRY_COMPILE.build/Debug/cmTC_1a7fe.build/Objects-normal/x86_64
write-file /Users/mac/Documents/GitHub/MacLearn/Source/opencv-3.4.6/BuildXcode/CMakeFiles/CMakeTmp/CMAKE_TRY_COMPILE.build/Debug/cmTC_1a7fe.build/Objects-normal/x86_64/cmTC_1a7fe.LinkFileList

CompileC CMAKE_TRY_COMPILE.build/Debug/cmTC_1a7fe.build/Objects-normal/x86_64/src.o src.cxx normal x86_64 c++ com.apple.compilers.llvm.clang.1_0.compiler
    cd /Users/mac/Documents/GitHub/MacLearn/Source/opencv-3.4.6/BuildXcode/CMakeFiles/CMakeTmp
    /Applications/Xcode.app/Contents/Developer/Toolchains/XcodeDefault.xctoolchain/usr/bin/clang -x c++ -arch x86_64 -fmessage-length=0 -fdiagnostics-show-note-include-stack -fmacro-backtrace-limit=0 -Wno-trigraphs -fpascal-strings -O0 -Wno-missing-field-initializers -Wno-missing-prototypes -Wno-return-type -Wno-non-virtual-dtor -Wno-overloaded-virtual -Wno-exit-time-destructors -Wno-missing-braces -Wparentheses -Wswitch -Wno-unused-function -Wno-unused-label -Wno-unused-parameter -Wno-unused-variable -Wunused-value -Wno-empty-body -Wno-uninitialized -Wno-unknown-pragmas -Wno-shadow -Wno-four-char-constants -Wno-conversion -Wno-constant-conversion -Wno-int-conversion -Wno-bool-conversion -Wno-enum-conversion -Wno-float-conversion -Wno-non-literal-null-conversion -Wno-objc-literal-conversion -Wno-shorten-64-to-32 -Wno-newline-eof -Wno-c++11-extensions -DCMAKE_INTDIR=\"Debug\" -isysroot /Applications/Xcode.app/Contents/Developer/Platforms/MacOSX.platform/Developer/SDKs/MacOSX10.14.sdk -fasm-blocks -fstrict-aliasing -Wdeprecated-declarations -Winvalid-offsetof -mmacosx-version-min=10.14 -g -Wno-sign-conversion -Wno-infinite-recursion -Wno-move -Wno-comma -Wno-block-capture-autoreleasing -Wno-strict-prototypes -Wno-range-loop-analysis -Wno-semicolon-before-method-body -I/Users/mac/Documents/GitHub/MacLearn/Source/opencv-3.4.6/BuildXcode/CMakeFiles/CMakeTmp/Debug/include -I/Users/mac/Documents/GitHub/MacLearn/Source/opencv-3.4.6/BuildXcode/CMakeFiles/CMakeTmp/CMAKE_TRY_COMPILE.build/Debug/cmTC_1a7fe.build/DerivedSources-normal/x86_64 -I/Users/mac/Documents/GitHub/MacLearn/Source/opencv-3.4.6/BuildXcode/CMakeFiles/CMakeTmp/CMAKE_TRY_COMPILE.build/Debug/cmTC_1a7fe.build/DerivedSources/x86_64 -I/Users/mac/Documents/GitHub/MacLearn/Source/opencv-3.4.6/BuildXcode/CMakeFiles/CMakeTmp/CMAKE_TRY_COMPILE.build/Debug/cmTC_1a7fe.build/DerivedSources -Wmost -Wno-four-char-constants -Wno-unknown-pragmas -F/Users/mac/Documents/GitHub/MacLearn/Source/opencv-3.4.6/BuildXcode/CMakeFiles/CMakeTmp/Debug -fsigned-char -W -Wall -Werror=return-type -Werror=non-virtual-dtor -Werror=address -Werror=sequence-point -Wformat -Werror=format-security -Wmissing-prototypes -Wstrict-prototypes -Winit-self -Wpointer-arith -Wsign-promo -Winit-self -Wno-delete-non-virtual-dtor -Wno-unnamed-type-template-args -Wno-comment -fdiagnostics-show-option -Wno-long-long -Qunused-arguments -Wno-semicolon-before-method-body -ffunction-sections -fdata-sections -fvisibility=hidden -fvisibility-inlines-hidden -Wno-shadow -Wno-unused -Wno-sign-compare -Wno-undef -Wno-missing-declarations -Wno-uninitialized -Wno-switch -Wno-parentheses -Wno-array-bounds -Wno-extra -Wno-deprecated-declarations -fPIE -Wno-misleading-indentation -MMD -MT dependencies -MF /Users/mac/Documents/GitHub/MacLearn/Source/opencv-3.4.6/BuildXcode/CMakeFiles/CMakeTmp/CMAKE_TRY_COMPILE.build/Debug/cmTC_1a7fe.build/Objects-normal/x86_64/src.d --serialize-diagnostics /Users/mac/Documents/GitHub/MacLearn/Source/opencv-3.4.6/BuildXcode/CMakeFiles/CMakeTmp/CMAKE_TRY_COMPILE.build/Debug/cmTC_1a7fe.build/Objects-normal/x86_64/src.dia -c /Users/mac/Documents/GitHub/MacLearn/Source/opencv-3.4.6/BuildXcode/CMakeFiles/CMakeTmp/src.cxx -o /Users/mac/Documents/GitHub/MacLearn/Source/opencv-3.4.6/BuildXcode/CMakeFiles/CMakeTmp/CMAKE_TRY_COMPILE.build/Debug/cmTC_1a7fe.build/Objects-normal/x86_64/src.o
warning: unknown warning option '-Wno-misleading-indentation'; did you mean '-Wno-binding-in-condition'? [-Wunknown-warning-option]
/Users/mac/Documents/GitHub/MacLearn/Source/opencv-3.4.6/BuildXcode/CMakeFiles/CMakeTmp/src.cxx:1:8: warning: unknown pragma ignored [-Wunknown-pragmas]
#pragma
       ^
2 warnings generated.

Ld Debug/cmTC_1a7fe normal x86_64
    cd /Users/mac/Documents/GitHub/MacLearn/Source/opencv-3.4.6/BuildXcode/CMakeFiles/CMakeTmp
    /Applications/Xcode.app/Contents/Developer/Toolchains/XcodeDefault.xctoolchain/usr/bin/clang++ -arch x86_64 -isysroot /Applications/Xcode.app/Contents/Developer/Platforms/MacOSX.platform/Developer/SDKs/MacOSX10.14.sdk -L/Users/mac/Documents/GitHub/MacLearn/Source/opencv-3.4.6/BuildXcode/CMakeFiles/CMakeTmp/Debug -F/Users/mac/Documents/GitHub/MacLearn/Source/opencv-3.4.6/BuildXcode/CMakeFiles/CMakeTmp/Debug -filelist /Users/mac/Documents/GitHub/MacLearn/Source/opencv-3.4.6/BuildXcode/CMakeFiles/CMakeTmp/CMAKE_TRY_COMPILE.build/Debug/cmTC_1a7fe.build/Objects-normal/x86_64/cmTC_1a7fe.LinkFileList -mmacosx-version-min=10.14 -Xlinker -object_path_lto -Xlinker /Users/mac/Documents/GitHub/MacLearn/Source/opencv-3.4.6/BuildXcode/CMakeFiles/CMakeTmp/CMAKE_TRY_COMPILE.build/Debug/cmTC_1a7fe.build/Objects-normal/x86_64/cmTC_1a7fe_lto.o -Xlinker -no_deduplicate -Wl,-dead_strip -Wl,-search_paths_first -Wl,-headerpad_max_install_names -Xlinker -dependency_info -Xlinker /Users/mac/Documents/GitHub/MacLearn/Source/opencv-3.4.6/BuildXcode/CMakeFiles/CMakeTmp/CMAKE_TRY_COMPILE.build/Debug/cmTC_1a7fe.build/Objects-normal/x86_64/cmTC_1a7fe_dependency_info.dat -o /Users/mac/Documents/GitHub/MacLearn/Source/opencv-3.4.6/BuildXcode/CMakeFiles/CMakeTmp/Debug/cmTC_1a7fe

** BUILD SUCCEEDED **


===== END =====

Build output check failed:
    Regex: 'unknown .*option'
    Output line: 'warning: unknown warning option '-Wno-suggest-override', did you mean '-Wno-shift-overflow'? [-Wunknown-warning-option]'
Compilation failed:
    source file: '/Users/mac/Documents/GitHub/MacLearn/Source/opencv-3.4.6/BuildXcode/CMakeFiles/CMakeTmp/src.cxx'
    check option: ' -Wno-suggest-override'
===== BUILD LOG =====
Change Dir: /Users/mac/Documents/GitHub/MacLearn/Source/opencv-3.4.6/BuildXcode/CMakeFiles/CMakeTmp

Run Build Command(s):/usr/bin/xcodebuild -project CMAKE_TRY_COMPILE.xcodeproj build -target cmTC_e9e56 -configuration Debug -hideShellScriptEnvironment 
User defaults from command line:
    HideShellScriptEnvironment = YES

Prepare build
note: Using legacy build system

=== BUILD TARGET cmTC_e9e56 OF PROJECT CMAKE_TRY_COMPILE WITH CONFIGURATION Debug ===

Check dependencies

Write auxiliary files
/bin/mkdir -p /Users/mac/Documents/GitHub/MacLearn/Source/opencv-3.4.6/BuildXcode/CMakeFiles/CMakeTmp/CMAKE_TRY_COMPILE.build/Debug/cmTC_e9e56.build/Objects-normal/x86_64
write-file /Users/mac/Documents/GitHub/MacLearn/Source/opencv-3.4.6/BuildXcode/CMakeFiles/CMakeTmp/CMAKE_TRY_COMPILE.build/Debug/cmTC_e9e56.build/Objects-normal/x86_64/cmTC_e9e56.LinkFileList

CompileC CMAKE_TRY_COMPILE.build/Debug/cmTC_e9e56.build/Objects-normal/x86_64/src.o src.cxx normal x86_64 c++ com.apple.compilers.llvm.clang.1_0.compiler
    cd /Users/mac/Documents/GitHub/MacLearn/Source/opencv-3.4.6/BuildXcode/CMakeFiles/CMakeTmp
    /Applications/Xcode.app/Contents/Developer/Toolchains/XcodeDefault.xctoolchain/usr/bin/clang -x c++ -arch x86_64 -fmessage-length=0 -fdiagnostics-show-note-include-stack -fmacro-backtrace-limit=0 -Wno-trigraphs -fpascal-strings -O0 -Wno-missing-field-initializers -Wno-missing-prototypes -Wno-return-type -Wno-non-virtual-dtor -Wno-overloaded-virtual -Wno-exit-time-destructors -Wno-missing-braces -Wparentheses -Wswitch -Wno-unused-function -Wno-unused-label -Wno-unused-parameter -Wno-unused-variable -Wunused-value -Wno-empty-body -Wno-uninitialized -Wno-unknown-pragmas -Wno-shadow -Wno-four-char-constants -Wno-conversion -Wno-constant-conversion -Wno-int-conversion -Wno-bool-conversion -Wno-enum-conversion -Wno-float-conversion -Wno-non-literal-null-conversion -Wno-objc-literal-conversion -Wno-shorten-64-to-32 -Wno-newline-eof -Wno-c++11-extensions -DCMAKE_INTDIR=\"Debug\" -isysroot /Applications/Xcode.app/Contents/Developer/Platforms/MacOSX.platform/Developer/SDKs/MacOSX10.14.sdk -fasm-blocks -fstrict-aliasing -Wdeprecated-declarations -Winvalid-offsetof -mmacosx-version-min=10.14 -g -Wno-sign-conversion -Wno-infinite-recursion -Wno-move -Wno-comma -Wno-block-capture-autoreleasing -Wno-strict-prototypes -Wno-range-loop-analysis -Wno-semicolon-before-method-body -I/Users/mac/Documents/GitHub/MacLearn/Source/opencv-3.4.6/BuildXcode/CMakeFiles/CMakeTmp/Debug/include -I/Users/mac/Documents/GitHub/MacLearn/Source/opencv-3.4.6/BuildXcode/CMakeFiles/CMakeTmp/CMAKE_TRY_COMPILE.build/Debug/cmTC_e9e56.build/DerivedSources-normal/x86_64 -I/Users/mac/Documents/GitHub/MacLearn/Source/opencv-3.4.6/BuildXcode/CMakeFiles/CMakeTmp/CMAKE_TRY_COMPILE.build/Debug/cmTC_e9e56.build/DerivedSources/x86_64 -I/Users/mac/Documents/GitHub/MacLearn/Source/opencv-3.4.6/BuildXcode/CMakeFiles/CMakeTmp/CMAKE_TRY_COMPILE.build/Debug/cmTC_e9e56.build/DerivedSources -Wmost -Wno-four-char-constants -Wno-unknown-pragmas -F/Users/mac/Documents/GitHub/MacLearn/Source/opencv-3.4.6/BuildXcode/CMakeFiles/CMakeTmp/Debug -fsigned-char -W -Wall -Werror=return-type -Werror=non-virtual-dtor -Werror=address -Werror=sequence-point -Wformat -Werror=format-security -Wmissing-prototypes -Wstrict-prototypes -Winit-self -Wpointer-arith -Wsign-promo -Winit-self -Wno-delete-non-virtual-dtor -Wno-unnamed-type-template-args -Wno-comment -fdiagnostics-show-option -Wno-long-long -Qunused-arguments -Wno-semicolon-before-method-body -ffunction-sections -fdata-sections -fvisibility=hidden -fvisibility-inlines-hidden -Wno-shadow -Wno-unused -Wno-sign-compare -Wno-undef -Wno-missing-declarations -Wno-uninitialized -Wno-switch -Wno-parentheses -Wno-array-bounds -Wno-extra -Wno-deprecated-declarations -Wno-deprecated -fPIE -Wno-suggest-override -MMD -MT dependencies -MF /Users/mac/Documents/GitHub/MacLearn/Source/opencv-3.4.6/BuildXcode/CMakeFiles/CMakeTmp/CMAKE_TRY_COMPILE.build/Debug/cmTC_e9e56.build/Objects-normal/x86_64/src.d --serialize-diagnostics /Users/mac/Documents/GitHub/MacLearn/Source/opencv-3.4.6/BuildXcode/CMakeFiles/CMakeTmp/CMAKE_TRY_COMPILE.build/Debug/cmTC_e9e56.build/Objects-normal/x86_64/src.dia -c /Users/mac/Documents/GitHub/MacLearn/Source/opencv-3.4.6/BuildXcode/CMakeFiles/CMakeTmp/src.cxx -o /Users/mac/Documents/GitHub/MacLearn/Source/opencv-3.4.6/BuildXcode/CMakeFiles/CMakeTmp/CMAKE_TRY_COMPILE.build/Debug/cmTC_e9e56.build/Objects-normal/x86_64/src.o
warning: unknown warning option '-Wno-suggest-override'; did you mean '-Wno-shift-overflow'? [-Wunknown-warning-option]
/Users/mac/Documents/GitHub/MacLearn/Source/opencv-3.4.6/BuildXcode/CMakeFiles/CMakeTmp/src.cxx:1:8: warning: unknown pragma ignored [-Wunknown-pragmas]
#pragma
       ^
2 warnings generated.

Ld Debug/cmTC_e9e56 normal x86_64
    cd /Users/mac/Documents/GitHub/MacLearn/Source/opencv-3.4.6/BuildXcode/CMakeFiles/CMakeTmp
    /Applications/Xcode.app/Contents/Developer/Toolchains/XcodeDefault.xctoolchain/usr/bin/clang++ -arch x86_64 -isysroot /Applications/Xcode.app/Contents/Developer/Platforms/MacOSX.platform/Developer/SDKs/MacOSX10.14.sdk -L/Users/mac/Documents/GitHub/MacLearn/Source/opencv-3.4.6/BuildXcode/CMakeFiles/CMakeTmp/Debug -F/Users/mac/Documents/GitHub/MacLearn/Source/opencv-3.4.6/BuildXcode/CMakeFiles/CMakeTmp/Debug -filelist /Users/mac/Documents/GitHub/MacLearn/Source/opencv-3.4.6/BuildXcode/CMakeFiles/CMakeTmp/CMAKE_TRY_COMPILE.build/Debug/cmTC_e9e56.build/Objects-normal/x86_64/cmTC_e9e56.LinkFileList -mmacosx-version-min=10.14 -Xlinker -object_path_lto -Xlinker /Users/mac/Documents/GitHub/MacLearn/Source/opencv-3.4.6/BuildXcode/CMakeFiles/CMakeTmp/CMAKE_TRY_COMPILE.build/Debug/cmTC_e9e56.build/Objects-normal/x86_64/cmTC_e9e56_lto.o -Xlinker -no_deduplicate -Wl,-dead_strip -Wl,-search_paths_first -Wl,-headerpad_max_install_names -Xlinker -dependency_info -Xlinker /Users/mac/Documents/GitHub/MacLearn/Source/opencv-3.4.6/BuildXcode/CMakeFiles/CMakeTmp/CMAKE_TRY_COMPILE.build/Debug/cmTC_e9e56.build/Objects-normal/x86_64/cmTC_e9e56_dependency_info.dat -o /Users/mac/Documents/GitHub/MacLearn/Source/opencv-3.4.6/BuildXcode/CMakeFiles/CMakeTmp/Debug/cmTC_e9e56

** BUILD SUCCEEDED **


===== END =====

Determining if the function sgemm_ exists failed with the following output:
Change Dir: /Users/mac/Documents/GitHub/MacLearn/Source/opencv-3.4.6/BuildXcode/CMakeFiles/CMakeTmp

Run Build Command(s):/usr/bin/xcodebuild -project CMAKE_TRY_COMPILE.xcodeproj build -target cmTC_aa586 -configuration Debug -hideShellScriptEnvironment 
User defaults from command line:
    HideShellScriptEnvironment = YES

Prepare build
note: Using legacy build system

=== BUILD TARGET cmTC_aa586 OF PROJECT CMAKE_TRY_COMPILE WITH CONFIGURATION Debug ===

Check dependencies

Write auxiliary files
/bin/mkdir -p /Users/mac/Documents/GitHub/MacLearn/Source/opencv-3.4.6/BuildXcode/CMakeFiles/CMakeTmp/CMAKE_TRY_COMPILE.build/Debug/cmTC_aa586.build/Objects-normal/x86_64
write-file /Users/mac/Documents/GitHub/MacLearn/Source/opencv-3.4.6/BuildXcode/CMakeFiles/CMakeTmp/CMAKE_TRY_COMPILE.build/Debug/cmTC_aa586.build/Objects-normal/x86_64/cmTC_aa586.LinkFileList

CompileC CMAKE_TRY_COMPILE.build/Debug/cmTC_aa586.build/Objects-normal/x86_64/CheckFunctionExists.o /usr/local/Cellar/cmake/3.14.0/share/cmake/Modules/CheckFunctionExists.c normal x86_64 c com.apple.compilers.llvm.clang.1_0.compiler
    cd /Users/mac/Documents/GitHub/MacLearn/Source/opencv-3.4.6/BuildXcode/CMakeFiles/CMakeTmp
    /Applications/Xcode.app/Contents/Developer/Toolchains/XcodeDefault.xctoolchain/usr/bin/clang -x c -arch x86_64 -fmessage-length=0 -fdiagnostics-show-note-include-stack -fmacro-backtrace-limit=0 -Wno-trigraphs -fpascal-strings -O0 -Wno-missing-field-initializers -Wno-missing-prototypes -Wno-return-type -Wno-missing-braces -Wparentheses -Wswitch -Wno-unused-function -Wno-unused-label -Wno-unused-parameter -Wno-unused-variable -Wunused-value -Wno-empty-body -Wno-uninitialized -Wno-unknown-pragmas -Wno-shadow -Wno-four-char-constants -Wno-conversion -Wno-constant-conversion -Wno-int-conversion -Wno-bool-conversion -Wno-enum-conversion -Wno-float-conversion -Wno-non-literal-null-conversion -Wno-objc-literal-conversion -Wno-shorten-64-to-32 -Wpointer-sign -Wno-newline-eof -DCMAKE_INTDIR=\"Debug\" -isysroot /Applications/Xcode.app/Contents/Developer/Platforms/MacOSX.platform/Developer/SDKs/MacOSX10.14.sdk -fasm-blocks -fstrict-aliasing -Wdeprecated-declarations -mmacosx-version-min=10.14 -g -Wno-sign-conversion -Wno-infinite-recursion -Wno-comma -Wno-block-capture-autoreleasing -Wno-strict-prototypes -Wno-semicolon-before-method-body -I/Users/mac/Documents/GitHub/MacLearn/Source/opencv-3.4.6/BuildXcode/CMakeFiles/CMakeTmp/Debug/include -I/Users/mac/Documents/GitHub/MacLearn/Source/opencv-3.4.6/BuildXcode/CMakeFiles/CMakeTmp/CMAKE_TRY_COMPILE.build/Debug/cmTC_aa586.build/DerivedSources-normal/x86_64 -I/Users/mac/Documents/GitHub/MacLearn/Source/opencv-3.4.6/BuildXcode/CMakeFiles/CMakeTmp/CMAKE_TRY_COMPILE.build/Debug/cmTC_aa586.build/DerivedSources/x86_64 -I/Users/mac/Documents/GitHub/MacLearn/Source/opencv-3.4.6/BuildXcode/CMakeFiles/CMakeTmp/CMAKE_TRY_COMPILE.build/Debug/cmTC_aa586.build/DerivedSources -Wmost -Wno-four-char-constants -Wno-unknown-pragmas -F/Users/mac/Documents/GitHub/MacLearn/Source/opencv-3.4.6/BuildXcode/CMakeFiles/CMakeTmp/Debug -fsigned-char -W -Wall -Werror=return-type -Werror=non-virtual-dtor -Werror=address -Werror=sequence-point -Wformat -Werror=format-security -Wmissing-declarations -Wmissing-prototypes -Wstrict-prototypes -Wundef -Winit-self -Wpointer-arith -Wshadow -Wsign-promo -Wuninitialized -Winit-self -Wno-delete-non-virtual-dtor -Wno-unnamed-type-template-args -Wno-comment -fdiagnostics-show-option -Wno-long-long -Qunused-arguments -Wno-semicolon-before-method-body -ffunction-sections -fdata-sections -fvisibility=hidden -fvisibility-inlines-hidden -DCHECK_FUNCTION_EXISTS=sgemm_ -fPIE -MMD -MT dependencies -MF /Users/mac/Documents/GitHub/MacLearn/Source/opencv-3.4.6/BuildXcode/CMakeFiles/CMakeTmp/CMAKE_TRY_COMPILE.build/Debug/cmTC_aa586.build/Objects-normal/x86_64/CheckFunctionExists.d --serialize-diagnostics /Users/mac/Documents/GitHub/MacLearn/Source/opencv-3.4.6/BuildXcode/CMakeFiles/CMakeTmp/CMAKE_TRY_COMPILE.build/Debug/cmTC_aa586.build/Objects-normal/x86_64/CheckFunctionExists.dia -c /usr/local/Cellar/cmake/3.14.0/share/cmake/Modules/CheckFunctionExists.c -o /Users/mac/Documents/GitHub/MacLearn/Source/opencv-3.4.6/BuildXcode/CMakeFiles/CMakeTmp/CMAKE_TRY_COMPILE.build/Debug/cmTC_aa586.build/Objects-normal/x86_64/CheckFunctionExists.o

Ld Debug/cmTC_aa586 normal x86_64
    cd /Users/mac/Documents/GitHub/MacLearn/Source/opencv-3.4.6/BuildXcode/CMakeFiles/CMakeTmp
    /Applications/Xcode.app/Contents/Developer/Toolchains/XcodeDefault.xctoolchain/usr/bin/clang -arch x86_64 -isysroot /Applications/Xcode.app/Contents/Developer/Platforms/MacOSX.platform/Developer/SDKs/MacOSX10.14.sdk -L/Users/mac/Documents/GitHub/MacLearn/Source/opencv-3.4.6/BuildXcode/CMakeFiles/CMakeTmp/Debug -F/Users/mac/Documents/GitHub/MacLearn/Source/opencv-3.4.6/BuildXcode/CMakeFiles/CMakeTmp/Debug -filelist /Users/mac/Documents/GitHub/MacLearn/Source/opencv-3.4.6/BuildXcode/CMakeFiles/CMakeTmp/CMAKE_TRY_COMPILE.build/Debug/cmTC_aa586.build/Objects-normal/x86_64/cmTC_aa586.LinkFileList -mmacosx-version-min=10.14 -Xlinker -object_path_lto -Xlinker /Users/mac/Documents/GitHub/MacLearn/Source/opencv-3.4.6/BuildXcode/CMakeFiles/CMakeTmp/CMAKE_TRY_COMPILE.build/Debug/cmTC_aa586.build/Objects-normal/x86_64/cmTC_aa586_lto.o -Xlinker -no_deduplicate -Wl,-dead_strip -Wl,-search_paths_first -Wl,-headerpad_max_install_names -Xlinker -dependency_info -Xlinker /Users/mac/Documents/GitHub/MacLearn/Source/opencv-3.4.6/BuildXcode/CMakeFiles/CMakeTmp/CMAKE_TRY_COMPILE.build/Debug/cmTC_aa586.build/Objects-normal/x86_64/cmTC_aa586_dependency_info.dat -o /Users/mac/Documents/GitHub/MacLearn/Source/opencv-3.4.6/BuildXcode/CMakeFiles/CMakeTmp/Debug/cmTC_aa586
Undefined symbols for architecture x86_64:
  "_sgemm_", referenced from:
      _main in CheckFunctionExists.o
ld: symbol(s) not found for architecture x86_64
clang: error: linker command failed with exit code 1 (use -v to see invocation)

** BUILD FAILED **


The following build commands failed:
	Ld Debug/cmTC_aa586 normal x86_64
(1 failure)


